Log file open, 04/09/23 00:12:59
LogWindows: Failed to load 'aqProf.dll' (GetLastError=126)
LogWindows: File 'aqProf.dll' does not exist
LogWindows: Failed to load 'VSPerf140.dll' (GetLastError=126)
LogWindows: File 'VSPerf140.dll' does not exist
LogWindows: Failed to load 'VtuneApi.dll' (GetLastError=126)
LogWindows: File 'VtuneApi.dll' does not exist
LogWindows: Failed to load 'VtuneApi32e.dll' (GetLastError=126)
LogWindows: File 'VtuneApi32e.dll' does not exist
LogInit: Display: Running engine for game: MarbleRun
LogPlatformFile: Not using cached read wrapper
LogTaskGraph: Started task graph with 5 named threads and 35 total threads with 3 sets of task threads.
LogStats: Stats thread started at 0.541469
LogD3D11RHI: Loaded GFSDK_Aftermath_Lib.x64.dll
LogICUInternationalization: Display: ICU TimeZone Detection - Raw Offset: -5:00, Platform Override: ''
LogPluginManager: Mounting plugin Paper2D
LogPluginManager: Mounting plugin AISupport
LogPluginManager: Mounting plugin LightPropagationVolume
LogPluginManager: Mounting plugin CLionSourceCodeAccess
LogPluginManager: Mounting plugin CodeLiteSourceCodeAccess
LogPluginManager: Mounting plugin GitSourceControl
LogPluginManager: Mounting plugin KDevelopSourceCodeAccess
LogPluginManager: Mounting plugin NullSourceCodeAccess
LogPluginManager: Mounting plugin PerforceSourceControl
LogPluginManager: Mounting plugin SubversionSourceControl
LogPluginManager: Mounting plugin UObjectPlugin
LogPluginManager: Mounting plugin VisualStudioCodeSourceCodeAccess
LogPluginManager: Mounting plugin VisualStudioSourceCodeAccess
LogPluginManager: Mounting plugin XCodeSourceCodeAccess
LogPluginManager: Mounting plugin AssetManagerEditor
LogPluginManager: Mounting plugin CryptoKeys
LogPluginManager: Mounting plugin DataValidation
LogPluginManager: Mounting plugin FacialAnimation
LogPluginManager: Mounting plugin GameplayTagsEditor
LogPluginManager: Mounting plugin MacGraphicsSwitching
LogPluginManager: Mounting plugin MeshEditor
LogPluginManager: Mounting plugin MobileLauncherProfileWizard
LogPluginManager: Mounting plugin PluginBrowser
LogPluginManager: Mounting plugin SpeedTreeImporter
LogPluginManager: Mounting plugin DatasmithContent
LogPluginManager: Mounting plugin AlembicImporter
LogPluginManager: Mounting plugin AppleImageUtils
LogPluginManager: Mounting plugin AppleVision
LogPluginManager: Mounting plugin BackChannel
LogPluginManager: Mounting plugin CharacterAI
LogPluginManager: Mounting plugin GeometryCache
LogPluginManager: Mounting plugin HTML5Networking
LogPluginManager: Mounting plugin ProxyLODPlugin
LogPluginManager: Mounting plugin MagicLeap
LogPluginManager: Mounting plugin MagicLeapEmulator
LogPluginManager: Mounting plugin MagicLeapMedia
LogPluginManager: Mounting plugin AndroidMedia
LogPluginManager: Mounting plugin AvfMedia
LogPluginManager: Mounting plugin ImgMedia
LogPluginManager: Mounting plugin LinearTimecode
LogPluginManager: Mounting plugin MediaCompositing
LogPluginManager: Mounting plugin MediaPlayerEditor
LogPluginManager: Mounting plugin WmfMedia
LogPluginManager: Mounting plugin TcpMessaging
LogPluginManager: Mounting plugin UdpMessaging
LogPluginManager: Mounting plugin ActorSequence
LogPluginManager: Mounting plugin LevelSequenceEditor
LogPluginManager: Mounting plugin MatineeToLevelSequence
LogPluginManager: Mounting plugin NetcodeUnitTest
LogPluginManager: Mounting plugin NUTUnrealEngine4
LogPluginManager: Mounting plugin OnlineSubsystemGooglePlay
LogPluginManager: Mounting plugin OnlineSubsystemIOS
LogPluginManager: Mounting plugin OnlineSubsystem
LogPluginManager: Mounting plugin OnlineSubsystemNull
LogPluginManager: Mounting plugin OnlineSubsystemUtils
LogPluginManager: Mounting plugin LauncherChunkInstaller
LogPluginManager: Mounting plugin AndroidDeviceProfileSelector
LogPluginManager: Mounting plugin AndroidMoviePlayer
LogPluginManager: Mounting plugin AndroidPermission
LogPluginManager: Mounting plugin AppleMoviePlayer
LogPluginManager: Mounting plugin ArchVisCharacter
LogPluginManager: Mounting plugin AudioCapture
LogPluginManager: Mounting plugin CableComponent
LogPluginManager: Mounting plugin CustomMeshComponent
LogPluginManager: Mounting plugin EditableMesh
LogPluginManager: Mounting plugin ExampleDeviceProfileSelector
LogPluginManager: Mounting plugin GoogleCloudMessaging
LogPluginManager: Mounting plugin ImmediatePhysics
LogPluginManager: Mounting plugin IOSDeviceProfileSelector
LogPluginManager: Mounting plugin LinuxDeviceProfileSelector
LogPluginManager: Mounting plugin LocationServicesBPLibrary
LogPluginManager: Mounting plugin MobilePatchingUtils
LogPluginManager: Mounting plugin OculusVR
LogPluginManager: Plugin shader directory ../../../Engine/Plugins/Runtime/Oculus/OculusVR/Shaders found
LogPluginManager: Mapping shader source directory ../../../Engine/Plugins/Runtime/Oculus/OculusVR/Shaders to virtual directory /Plugin/OculusVR
LogPluginManager: Mounting plugin PhysXVehicles
LogPluginManager: Mounting plugin ProceduralMeshComponent
LogPluginManager: Mounting plugin RuntimePhysXCooking
LogPluginManager: Mounting plugin SteamVR
LogPluginManager: Mounting plugin WindowsMoviePlayer
LogStreaming: Display: Took  0.091s to configure plugins.
LogInit: Using libcurl 7.55.1-DEV
LogInit:  - built for x86_64-pc-win32
LogInit:  - supports SSL with OpenSSL/1.0.2h
LogInit:  - supports HTTP deflate (compression) using libz 1.2.8
LogInit:  - other features:
LogInit:      CURL_VERSION_SSL
LogInit:      CURL_VERSION_LIBZ
LogInit:      CURL_VERSION_IPV6
LogInit:      CURL_VERSION_ASYNCHDNS
LogInit:      CURL_VERSION_LARGEFILE
LogInit:      CURL_VERSION_IDN
LogInit:  CurlRequestOptions (configurable via config and command line):
LogInit:  - bVerifyPeer = false  - Libcurl will NOT verify peer certificate
LogInit:  - bUseHttpProxy = false  - Libcurl will NOT use HTTP proxy
LogInit:  - bDontReuseConnections = false  - Libcurl will reuse connections
LogInit:  - CertBundlePath = nullptr  - Libcurl will use whatever was configured at build time.
LogInit:  - MaxHostConnections = 16  - Libcurl will limit the number of connections to a host
LogInit:  - LocalHostAddr = Default
LogInit:  - BufferSize = 65536
LogInit: WinSock: version 1.1 (2.2), MaxSocks=32767, MaxUdp=65467
LogInit: Build: ++UE4+Release-4.20-CL-4369336
LogInit: Engine Version: 4.20.3-4369336+++UE4+Release-4.20
LogInit: Compatible Engine Version: 4.20.0-4212847+++UE4+Release-4.20
LogInit: Net CL: 4212847
LogInit: OS: Windows 10 (), CPU: AMD Ryzen 5 5600X 6-Core Processor             , GPU: NVIDIA GeForce RTX 3060
LogInit: Compiled (64-bit): Sep 17 2018 12:26:19
LogInit: Compiled with Visual C++: 19.13.26129.00
LogInit: Build Configuration: Development
LogInit: Branch Name: ++UE4+Release-4.20
LogInit: Command Line: 
LogInit: Base Directory: C:/Program Files/Epic Games/UE_4.20/Engine/Binaries/Win64/
LogInit: Installed Engine Build: 1
LogDevObjectVersion: Number of dev versions registered: 20
LogDevObjectVersion:   Dev-Blueprints (B0D832E4-1F89-4F0D-ACCF-7EB736FD4AA2): 10
LogDevObjectVersion:   Dev-Build (E1C64328-A22C-4D53-A36C-8E866417BD8C): 0
LogDevObjectVersion:   Dev-Core (375EC13C-06E4-48FB-B500-84F0262A717E): 2
LogDevObjectVersion:   Dev-Editor (E4B068ED-F494-42E9-A231-DA0B2E46BB41): 24
LogDevObjectVersion:   Dev-Framework (CFFC743F-43B0-4480-9391-14DF171D2073): 34
LogDevObjectVersion:   Dev-Mobile (B02B49B5-BB20-44E9-A304-32B752E40360): 2
LogDevObjectVersion:   Dev-Networking (A4E4105C-59A1-49B5-A7C5-40C4547EDFEE): 0
LogDevObjectVersion:   Dev-Online (39C831C9-5AE6-47DC-9A44-9C173E1C8E7C): 0
LogDevObjectVersion:   Dev-Physics (78F01B33-EBEA-4F98-B9B4-84EACCB95AA2): 0
LogDevObjectVersion:   Dev-Platform (6631380F-2D4D-43E0-8009-CF276956A95A): 0
LogDevObjectVersion:   Dev-Rendering (12F88B9F-8875-4AFC-A67C-D90C383ABD29): 26
LogDevObjectVersion:   Dev-Sequencer (7B5AE74C-D270-4C10-A958-57980B212A5A): 9
LogDevObjectVersion:   Dev-VR (D7296918-1DD6-4BDD-9DE2-64A83CC13884): 2
LogDevObjectVersion:   Dev-LoadTimes (C2A15278-BFE7-4AFE-6C17-90FF531DF755): 1
LogDevObjectVersion:   Private-Geometry (6EACA3D4-40EC-4CC1-B786-8BED09428FC5): 3
LogDevObjectVersion:   Dev-AnimPhys (29E575DD-E0A3-4627-9D10-D276232CDCEA): 17
LogDevObjectVersion:   Dev-ReflectionCapture (6B266CEC-1EC7-4B8F-A30B-E4D90942FC07): 1
LogDevObjectVersion:   Dev-Automation (0DF73D61-A23F-47EA-B727-89E90C41499A): 1
LogDevObjectVersion:   FortniteMain (601D1886-AC64-4F84-AA16-D3DE0DEAC7D6): 12
LogDevObjectVersion:   Dev-Enterprise (9DFFBCD6-494F-0158-E221-12823C92A888): 1
LogStreaming: Display: Took  0.000s to delete old logs.
LogInit: Presizing for max 8388607 objects, including 0 objects not considered by GC, pre-allocating 0 bytes for permanent pool.
LogInit: Object subsystem initialized
[2023.04.09-04.13.00:091][  0]LogInit: Selected Device Profile: [Windows]
[2023.04.09-04.13.00:091][  0]LogInit: Applying CVar settings loaded from the selected device profile: [Windows]
[2023.04.09-04.13.00:101][  0]LogHAL: Display: Platform has ~ 32 GB [34273423360 / 34359738368 / 32], which maps to Largest [LargestMinGB=32, LargerMinGB=12, DefaultMinGB=8, SmallerMinGB=6, SmallestMinGB=0)
[2023.04.09-04.13.00:101][  0]LogInit: Setting Device Profile CVar: [[r.Vulkan.UseRealUBs:1]]
[2023.04.09-04.13.00:101][  0]LogInit: Going up to parent DeviceProfile []
[2023.04.09-04.13.00:101][  0]LogInit: Computer: DESKTOP-U1RK44O
[2023.04.09-04.13.00:101][  0]LogInit: User: dcalt
[2023.04.09-04.13.00:101][  0]LogInit: CPU Page size=4096, Cores=6
[2023.04.09-04.13.00:101][  0]LogInit: High frequency timer resolution =10.000000 MHz
[2023.04.09-04.13.00:101][  0]LogMemory: Memory total: Physical=31.9GB (32GB approx)
[2023.04.09-04.13.00:101][  0]LogMemory: Platform Memory Stats for Windows
[2023.04.09-04.13.00:101][  0]LogMemory: Process Physical Memory: 103.00 MB used, 103.01 MB peak
[2023.04.09-04.13.00:101][  0]LogMemory: Process Virtual Memory: 85.97 MB used, 85.97 MB peak
[2023.04.09-04.13.00:101][  0]LogMemory: Physical Memory: 10058.06 MB used,  22627.62 MB free, 32685.68 MB total
[2023.04.09-04.13.00:101][  0]LogMemory: Virtual Memory: 4641.39 MB used,  22627.62 MB free, 134217728.00 MB total
[2023.04.09-04.13.00:123][  0]LogInit: Using OS detected language (en-US).
[2023.04.09-04.13.00:123][  0]LogInit: Using OS detected locale (en-US).
[2023.04.09-04.13.00:123][  0]LogTextLocalizationManager: No specific localization for 'en-US' exists, so the 'en' localization will be used.
[2023.04.09-04.13.00:374][  0]LogStreaming: Display: Took  0.251s to InitEngineTextLocalization.
[2023.04.09-04.13.00:374][  0]LogInit: Setting process to per monitor DPI aware
[2023.04.09-04.13.00:395][  0]LogSlate: New Slate User Created.  User Index 0, Is Virtual User: 0
[2023.04.09-04.13.00:395][  0]LogSlate: Slate User Registered.  User Index 0, Is Virtual User: 0
[2023.04.09-04.13.00:536][  0]LogHMD: Failed to initialize OpenVR with code 110
[2023.04.09-04.13.00:536][  0]LogD3D11RHI: D3D11 adapters:
[2023.04.09-04.13.00:639][  0]LogD3D11RHI:    0. 'NVIDIA GeForce RTX 3060' (Feature Level 11_0)
[2023.04.09-04.13.00:639][  0]LogD3D11RHI:       12129/0/16342 MB DedicatedVideo/DedicatedSystem/SharedSystem, Outputs:2, VendorId:0x10de
[2023.04.09-04.13.00:641][  0]LogD3D11RHI:    1. 'Microsoft Basic Render Driver' (Feature Level 11_0)
[2023.04.09-04.13.00:641][  0]LogD3D11RHI:       0/0/16342 MB DedicatedVideo/DedicatedSystem/SharedSystem, Outputs:0, VendorId:0x1414
[2023.04.09-04.13.00:641][  0]LogD3D11RHI: Chosen D3D11 Adapter: 0
[2023.04.09-04.13.00:646][  0]LogD3D11RHI: Creating new Direct3DDevice
[2023.04.09-04.13.00:646][  0]LogD3D11RHI:     GPU DeviceId: 0x2504 (for the marketing name, search the web for "GPU Device Id")
[2023.04.09-04.13.00:646][  0]LogWindows: EnumDisplayDevices:
[2023.04.09-04.13.00:646][  0]LogWindows:    0. 'NVIDIA GeForce RTX 3060' (P:1 D:1)
[2023.04.09-04.13.00:646][  0]LogWindows:    1. 'NVIDIA GeForce RTX 3060' (P:0 D:1)
[2023.04.09-04.13.00:646][  0]LogWindows:    2. 'NVIDIA GeForce RTX 3060' (P:0 D:0)
[2023.04.09-04.13.00:647][  0]LogWindows:    3. 'NVIDIA GeForce RTX 3060' (P:0 D:0)
[2023.04.09-04.13.00:647][  0]LogWindows: DebugString: FoundDriverCount:4 
[2023.04.09-04.13.00:647][  0]LogD3D11RHI:     Adapter Name: NVIDIA GeForce RTX 3060
[2023.04.09-04.13.00:647][  0]LogD3D11RHI:   Driver Version: 526.98 (internal:31.0.15.2698, unified:526.98)
[2023.04.09-04.13.00:647][  0]LogD3D11RHI:      Driver Date: 11-13-2022
[2023.04.09-04.13.00:647][  0]LogRHI: Texture pool is 8490 MB (70% of 12129 MB)
[2023.04.09-04.13.00:705][  0]LogD3D11RHI: Async texture creation enabled
[2023.04.09-04.13.00:723][  0]LogD3D11RHI: GPU Timing Frequency: 1000.000000 (Debug: 2 2)
[2023.04.09-04.13.00:729][  0]LogShaderCompilers: Guid format shader working directory is 10 characters bigger than the processId version (../../../../../../GameDev/MarbleRun/Intermediate/Shaders/WorkingDirectory/15068/).
[2023.04.09-04.13.00:729][  0]LogShaderCompilers: Cleaned the shader compiler working directory 'C:/Users/dcalt/AppData/Local/Temp/UnrealShaderWorkingDir/E3310DF14A24726412F259A0FECB862A/'.
[2023.04.09-04.13.00:907][  0]LogTemp: Display: Loaded TP AllDesktopTargetPlatform
[2023.04.09-04.13.00:915][  0]LogTemp: Display: Loaded TP MacClientTargetPlatform
[2023.04.09-04.13.00:923][  0]LogTemp: Display: Loaded TP MacNoEditorTargetPlatform
[2023.04.09-04.13.00:931][  0]LogTemp: Display: Loaded TP MacServerTargetPlatform
[2023.04.09-04.13.00:939][  0]LogTemp: Display: Loaded TP MacTargetPlatform
[2023.04.09-04.13.00:947][  0]LogTemp: Display: Loaded TP WindowsClientTargetPlatform
[2023.04.09-04.13.00:956][  0]LogTemp: Display: Loaded TP WindowsNoEditorTargetPlatform
[2023.04.09-04.13.00:964][  0]LogTemp: Display: Loaded TP WindowsServerTargetPlatform
[2023.04.09-04.13.00:968][  0]LogTemp: Display: Loaded TP WindowsTargetPlatform
[2023.04.09-04.13.01:014][  0]LogTemp: Display: Loaded TP AndroidTargetPlatform
[2023.04.09-04.13.01:014][  0]LogTemp: Display: Loaded TP AndroidTargetPlatform
[2023.04.09-04.13.01:014][  0]LogTemp: Display: Loaded TP AndroidTargetPlatform
[2023.04.09-04.13.01:014][  0]LogTemp: Display: Loaded TP AndroidTargetPlatform
[2023.04.09-04.13.01:014][  0]LogTemp: Display: Loaded TP AndroidTargetPlatform
[2023.04.09-04.13.01:014][  0]LogTemp: Display: Loaded TP AndroidTargetPlatform
[2023.04.09-04.13.01:014][  0]LogTemp: Display: Loaded TP AndroidTargetPlatform
[2023.04.09-04.13.01:014][  0]LogTemp: Display: Loaded TP AndroidTargetPlatform
[2023.04.09-04.13.01:014][  0]LogTemp: Display: Loaded TP AndroidTargetPlatform
[2023.04.09-04.13.01:014][  0]LogTemp: Display: Loaded TP AndroidTargetPlatform
[2023.04.09-04.13.01:014][  0]LogTemp: Display: Loaded TP AndroidTargetPlatform
[2023.04.09-04.13.01:014][  0]LogTemp: Display: Loaded TP AndroidTargetPlatform
[2023.04.09-04.13.01:014][  0]LogTemp: Display: Loaded TP AndroidTargetPlatform
[2023.04.09-04.13.01:014][  0]LogTemp: Display: Loaded TP AndroidTargetPlatform
[2023.04.09-04.13.01:014][  0]LogTemp: Display: Loaded TP AndroidTargetPlatform
[2023.04.09-04.13.01:014][  0]LogTemp: Display: Loaded TP AndroidTargetPlatform
[2023.04.09-04.13.01:014][  0]LogTemp: Display: Loaded TP AndroidTargetPlatform
[2023.04.09-04.13.01:014][  0]LogTemp: Display: Loaded TP AndroidTargetPlatform
[2023.04.09-04.13.01:015][  0]LogTemp: Display: Loaded TP HTML5TargetPlatform
[2023.04.09-04.13.01:065][  0]LogTemp: Display: Loaded TP IOSTargetPlatform
[2023.04.09-04.13.01:065][  0]LogTemp: Display: Loaded TP IOSTargetPlatform
[2023.04.09-04.13.01:079][  0]LogTemp: Display: Loaded TP TVOSTargetPlatform
[2023.04.09-04.13.01:079][  0]LogTemp: Display: Loaded TP TVOSTargetPlatform
[2023.04.09-04.13.01:086][  0]LogTemp: Display: Loaded TP LinuxClientTargetPlatform
[2023.04.09-04.13.01:094][  0]LogTemp: Display: Loaded TP LinuxNoEditorTargetPlatform
[2023.04.09-04.13.01:101][  0]LogTemp: Display: Loaded TP LinuxServerTargetPlatform
[2023.04.09-04.13.01:109][  0]LogTemp: Display: Loaded TP LinuxTargetPlatform
[2023.04.09-04.13.01:114][  0]LogTemp: Display: Loaded TP LuminTargetPlatform
[2023.04.09-04.13.01:114][  0]LogTargetPlatformManager: Display: Building Assets For Windows
[2023.04.09-04.13.01:150][  0]LogXGEController: Cannot use XGE Controller as Incredibuild is not installed on this machine.
[2023.04.09-04.13.01:150][  0]LogShaderCompilers: Cannot use XGE Shader Compiler as Incredibuild is not installed on this machine.
[2023.04.09-04.13.01:150][  0]LogShaderCompilers: Display: Using Local Shader Compiler.
[2023.04.09-04.13.01:700][  0]LogDerivedDataCache: Display: Max Cache Size: 512 MB
[2023.04.09-04.13.01:732][  0]LogDerivedDataCache: Loaded boot cache 0.03s 71MB C:/Users/dcalt/AppData/Local/UnrealEngine/4.20/DerivedDataCache/Boot.ddc.
[2023.04.09-04.13.01:733][  0]LogDerivedDataCache: Display: Loaded Boot cache: C:/Users/dcalt/AppData/Local/UnrealEngine/4.20/DerivedDataCache/Boot.ddc
[2023.04.09-04.13.01:733][  0]LogDerivedDataCache: FDerivedDataBackendGraph:  Pak pak cache file ../../../../../../GameDev/MarbleRun/DerivedDataCache/DDC.ddp not found, will not use a pak cache.
[2023.04.09-04.13.01:733][  0]LogDerivedDataCache: Unable to find inner node Pak for hierarchical cache Hierarchy.
[2023.04.09-04.13.01:733][  0]LogDerivedDataCache: FDerivedDataBackendGraph:  CompressedPak pak cache file ../../../../../../GameDev/MarbleRun/DerivedDataCache/Compressed.ddp not found, will not use a pak cache.
[2023.04.09-04.13.01:733][  0]LogDerivedDataCache: Unable to find inner node CompressedPak for hierarchical cache Hierarchy.
[2023.04.09-04.13.01:742][  0]LogDerivedDataCache: Display: Pak cache opened for reading ../../../Engine/DerivedDataCache/Compressed.ddp.
[2023.04.09-04.13.01:754][  0]LogDerivedDataCache: Using Local data cache path C:/Users/dcalt/AppData/Local/UnrealEngine/Common/DerivedDataCache: Writable
[2023.04.09-04.13.01:754][  0]LogDerivedDataCache: Shared data cache path not found in *engine.ini, will not use an Shared cache.
[2023.04.09-04.13.01:754][  0]LogDerivedDataCache: Unable to find inner node Shared for hierarchical cache Hierarchy.
[2023.04.09-04.13.01:765][  0]LogMaterial: Verifying Global Shaders for PCD3D_SM5
[2023.04.09-04.13.01:766][  0]LogSlate: Using FreeType 2.6.0
[2023.04.09-04.13.01:767][  0]LogSlate: SlateFontServices - WITH_FREETYPE: 1, WITH_HARFBUZZ: 1
[2023.04.09-04.13.01:825][  0]LogAssetRegistry: FAssetRegistry took 0.0247 seconds to start up
[2023.04.09-04.13.02:027][  0]LogInit: Selected Device Profile: [Windows]
[2023.04.09-04.13.02:110][  0]LogSimplygon: Simplygon DLL not present - disabling.
[2023.04.09-04.13.02:112][  0]LogMeshReduction: Using SimplygonSwarm for distributed automatic mesh merging
[2023.04.09-04.13.02:112][  0]LogMeshReduction: Using ProxyLODMeshReduction for automatic mesh merging
[2023.04.09-04.13.02:112][  0]LogMeshReduction: Using QuadricMeshReduction for automatic static mesh reduction
[2023.04.09-04.13.02:112][  0]LogMeshReduction: No automatic skeletal mesh reduction module available
[2023.04.09-04.13.02:123][  0]LogNetVersion: MarbleRun 1.0.0, NetCL: 4212847, EngineNetVer: 5, GameNetVer: 0 (Checksum: 2968469525)
[2023.04.09-04.13.02:430][  0]LogPackageLocalizationCache: Processed 11 localized package path(s) for 2 prioritized culture(s) in 0.052191 seconds
[2023.04.09-04.13.02:434][  0]LogUObjectArray: 38425 objects as part of root set at end of initial load.
[2023.04.09-04.13.02:434][  0]LogUObjectAllocator: 6690864 out of 0 bytes used by permanent object pool.
[2023.04.09-04.13.02:434][  0]LogUObjectArray: CloseDisregardForGC: 0/0 objects in disregard for GC pool
[2023.04.09-04.13.02:989][  0]LogTcpMessaging: Initializing TcpMessaging bridge
[2023.04.09-04.13.03:001][  0]LogUdpMessaging: Initializing bridge on interface 0.0.0.0:0 to multicast group 230.0.0.1:6666.
[2023.04.09-04.13.03:119][  0]SourceControl: Source control is disabled
[2023.04.09-04.13.03:119][  0]SourceControl: Source control is disabled
[2023.04.09-04.13.03:120][  0]SourceControl: Source control is disabled
[2023.04.09-04.13.03:121][  0]SourceControl: Source control is disabled
[2023.04.09-04.13.03:253][  0]LogAndroidPermission: UAndroidPermissionCallbackProxy::GetInstance
[2023.04.09-04.13.03:290][  0]LogOcInput: OculusInput pre-init called
[2023.04.09-04.13.03:330][  0]LogEngine: Initializing Engine...
[2023.04.09-04.13.03:330][  0]LogHMD: Failed to initialize OpenVR with code 110
[2023.04.09-04.13.03:331][  0]LogStats: UGameplayTagsManager::ConstructGameplayTagTree: ImportINI prefixes -  0.000 s
[2023.04.09-04.13.03:331][  0]LogStats: UGameplayTagsManager::ConstructGameplayTagTree: Construct from data asset -  0.000 s
[2023.04.09-04.13.03:331][  0]LogStats: UGameplayTagsManager::ConstructGameplayTagTree: ImportINI -  0.000 s
[2023.04.09-04.13.03:331][  0]LogStats: UGameplayTagsManager::ConstructGameplayTagTree: GameplayTagTreeChangedEvent.Broadcast -  0.000 s
[2023.04.09-04.13.03:452][  0]LogInit: Initializing FReadOnlyCVARCache
[2023.04.09-04.13.03:460][  0]LogAIModule: Creating AISystem for world Untitled
[2023.04.09-04.13.03:473][  0]LogInit: XAudio2 using '32S321 (NVIDIA High Definition Audio)' : 2 channels at 48 kHz using 16 bits per sample (channel mask 0x3)
[2023.04.09-04.13.03:485][  0]LogInit: FAudioDevice initialized.
[2023.04.09-04.13.03:485][  0]LogNetVersion: Set ProjectVersion to 1.0.0.0. Version Checksum will be recalculated on next use.
[2023.04.09-04.13.03:515][  0]LogDerivedDataCache: Saved boot cache 0.03s 71MB C:/Users/dcalt/AppData/Local/UnrealEngine/4.20/DerivedDataCache/Boot.ddc.
[2023.04.09-04.13.03:521][  0]LogInit: Texture streaming: Enabled
[2023.04.09-04.13.03:533][  0]LogEngineSessionManager: EngineSessionManager initialized
[2023.04.09-04.13.03:541][  0]LogInit: Transaction tracking system initialized
[2023.04.09-04.13.03:554][  0]BlueprintLog: New page: Editor Load
[2023.04.09-04.13.03:595][  0]LocalizationService: Localization service is disabled
[2023.04.09-04.13.03:760][  0]LogCook: Display: Max memory allowance for cook 16384mb min free memory 0mb
[2023.04.09-04.13.03:760][  0]LogCook: Display: Mobile HDR setting 1
[2023.04.09-04.13.03:760][  0]LogGameplayTags: Display: UGameplayTagsManager::DoneAddingNativeTags. DelegateIsBound: 0
[2023.04.09-04.13.03:760][  0]LogStats: UGameplayTagsManager::ConstructGameplayTagTree: ImportINI prefixes -  0.000 s
[2023.04.09-04.13.03:760][  0]LogStats: UGameplayTagsManager::ConstructGameplayTagTree: Construct from data asset -  0.000 s
[2023.04.09-04.13.03:760][  0]LogStats: UGameplayTagsManager::ConstructGameplayTagTree: ImportINI -  0.000 s
[2023.04.09-04.13.03:760][  0]LogStats: UGameplayTagsManager::ConstructGameplayTagTree: GameplayTagTreeChangedEvent.Broadcast -  0.000 s
[2023.04.09-04.13.03:830][  0]LogFileCache: Scanning file cache for directory 'C:/GameDev/MarbleRun/Content/' took 0.02s
[2023.04.09-04.13.03:830][  0]SourceControl: Source control is disabled
[2023.04.09-04.13.03:830][  0]Cmd: MAP LOAD FILE="../../../../../../GameDev/MarbleRun/Content/StarterContent/Maps/Minimal_Default.umap" TEMPLATE=0 SHOWPROGRESS=1 FEATURELEVEL=3
[2023.04.09-04.13.03:834][  0]LightingResults: New page: Lighting Build
[2023.04.09-04.13.03:836][  0]MapCheck: New page: Map Check
[2023.04.09-04.13.03:836][  0]LightingResults: New page: Lighting Build
[2023.04.09-04.13.04:223][  0]LogAIModule: Creating AISystem for world Minimal_Default
[2023.04.09-04.13.04:232][  0]LogEditorServer: Finished looking for orphan Actors (0.000 secs)
[2023.04.09-04.13.04:250][  0]Cmd: MAP CHECKDEP NOCLEARLOG
[2023.04.09-04.13.04:313][  0]MapCheck: Map check complete: 0 Error(s), 0 Warning(s), took 63.434ms to complete.
[2023.04.09-04.13.04:313][  0]LogFileHelpers: Loading map 'Minimal_Default' took 0.483
[2023.04.09-04.13.04:413][  0]LogSlate: Updating window title bar state: overlay mode, drag disabled, window buttons hidden, title bar hidden
[2023.04.09-04.13.04:418][  0]LogSlate: Updating window title bar state: overlay mode, drag disabled, window buttons hidden, title bar hidden
[2023.04.09-04.13.04:422][  0]LogSlate: Updating window title bar state: overlay mode, drag disabled, window buttons hidden, title bar hidden
[2023.04.09-04.13.04:427][  0]LogSlate: Updating window title bar state: overlay mode, drag disabled, window buttons hidden, title bar hidden
[2023.04.09-04.13.04:434][  0]LogCollectionManager: Loaded 0 collections in 0.000988 seconds
[2023.04.09-04.13.04:472][  0]LogFileCache: Scanning file cache for directory 'C:/GameDev/MarbleRun/Saved/Collections/' took 0.01s
[2023.04.09-04.13.04:472][  0]LogFileCache: Scanning file cache for directory 'C:/GameDev/MarbleRun/Content/Developers/dcalt/Collections/' took 0.01s
[2023.04.09-04.13.04:472][  0]LogFileCache: Scanning file cache for directory 'C:/GameDev/MarbleRun/Content/Collections/' took 0.01s
[2023.04.09-04.13.04:472][  0]LogCollectionManager: Rebuilt the GUID cache for 0 collections in 0.000000 seconds
[2023.04.09-04.13.04:478][  0]LogContentBrowser: Native class hierarchy populated in 0.0059 seconds. Added 2572 classes and 603 folders.
[2023.04.09-04.13.04:482][  0]LogContentBrowser: Native class hierarchy updated for 'WidgetCarousel' in 0.0002 seconds. Added 0 classes and 0 folders.
[2023.04.09-04.13.04:666][  0]LogContentBrowser: Native class hierarchy updated for 'AddContentDialog' in 0.0002 seconds. Added 0 classes and 0 folders.
[2023.04.09-04.13.04:669][  0]LogContentBrowser: Native class hierarchy updated for 'SceneOutliner' in 0.0002 seconds. Added 1 classes and 2 folders.
[2023.04.09-04.13.04:718][  0]LogSlate: Took 0.000120 seconds to synchronously load lazily loaded font '../../../Engine/Content/Slate/Fonts/Roboto-Regular.ttf' (155K)
[2023.04.09-04.13.04:720][  0]LogSlate: Took 0.000126 seconds to synchronously load lazily loaded font '../../../Engine/Content/Slate/Fonts/Roboto-Bold.ttf' (160K)
[2023.04.09-04.13.04:725][  0]LogSlate: Took 0.003759 seconds to synchronously load lazily loaded font '../../../Engine/Content/Editor/Slate/Fonts/FontAwesome.ttf' (139K)
[2023.04.09-04.13.04:782][  0]LogRenderer: Reallocating scene render targets to support 1564x696 Format 10 NumSamples 1 (Frame:1).
[2023.04.09-04.13.04:888][  0]LogContentBrowser: Native class hierarchy updated for 'HierarchicalLODOutliner' in 0.0002 seconds. Added 0 classes and 0 folders.
[2023.04.09-04.13.04:888][  0]LogLoad: (Engine Initialization) Total time: 6.62 seconds
[2023.04.09-04.13.04:888][  0]LogLoad: (Engine Initialization) Total Blueprint compile time: 0.00 seconds
[2023.04.09-04.13.04:912][  0]LogAssetRegistry: Asset discovery search completed in 3.1093 seconds
[2023.04.09-04.13.04:913][  0]LogCollectionManager: Rebuilt the object cache for 0 collections in 0.000000 seconds (found 0 objects)
[2023.04.09-04.13.04:913][  0]LogCollectionManager: Fixed up redirectors for 0 collections in 0.000030 seconds (updated 0 objects)
[2023.04.09-04.13.04:914][  0]LogContentStreaming: Texture pool size now 1000 MB
[2023.04.09-04.13.04:935][  0]LogSlate: Took 0.003217 seconds to synchronously load lazily loaded font '../../../Engine/Content/Slate/Fonts/Roboto-Light.ttf' (167K)
[2023.04.09-04.13.05:903][ 71]LogSlate: Took 0.000149 seconds to synchronously load lazily loaded font '../../../Engine/Content/Slate/Fonts/Roboto-Light.ttf' (167K)
[2023.04.09-04.13.06:277][116]LogSlate: FSceneViewport::OnFocusLost() reason 0
[2023.04.09-04.13.07:756][292]LogSlate: FSceneViewport::OnFocusLost() reason 2
[2023.04.09-04.13.10:830][659]Cmd: MAP LOAD FILE="../../../../../../GameDev/MarbleRun/Content/Level1.umap" TEMPLATE=0 SHOWPROGRESS=1 FEATURELEVEL=3
[2023.04.09-04.13.10:835][659]LogSlate: FSceneViewport::OnFocusLost() reason 2
[2023.04.09-04.13.10:841][659]LightingResults: New page: Lighting Build
[2023.04.09-04.13.10:841][659]LoadErrors: New page: Loading map: Level1.umap
[2023.04.09-04.13.10:842][659]MapCheck: New page: Map Check
[2023.04.09-04.13.10:842][659]LightingResults: New page: Lighting Build
[2023.04.09-04.13.10:920][659]LogAIModule: Creating AISystem for world Level1
[2023.04.09-04.13.10:927][659]LogEditorServer: Finished looking for orphan Actors (0.000 secs)
[2023.04.09-04.13.10:957][659]Cmd: MAP CHECKDEP NOCLEARLOG
[2023.04.09-04.13.11:033][659]MapCheck: Map check complete: 0 Error(s), 0 Warning(s), took 76.031ms to complete.
[2023.04.09-04.13.11:033][659]LogFileHelpers: Loading map 'Level1' took 0.204
[2023.04.09-04.13.19:207][636]LogSlate: FSceneViewport::OnFocusLost() reason 0
[2023.04.09-04.13.19:357][654]LogTemp: Repeating last play command: Selected Viewport
[2023.04.09-04.13.19:362][654]LogBlueprintUserMessages: Early PlayInEditor Detection: Level '/Game/Level1.Level1:PersistentLevel' has LevelScriptBlueprint '/Game/Level1.Level1:PersistentLevel.Level1' with GeneratedClass '/Game/Level1.Level1_C' with ClassGeneratedBy '/Game/Level1.Level1:PersistentLevel.Level1'
[2023.04.09-04.13.19:362][654]LogPlayLevel: PlayLevel: No blueprints needed recompiling
[2023.04.09-04.13.19:374][654]PIE: New page: PIE session: Level1 (Apr 8, 2023, 8:13:19 PM)
[2023.04.09-04.13.19:374][654]LogPlayLevel: Creating play world package: /Game/UEDPIE_0_Level1
[2023.04.09-04.13.19:376][654]LogPlayLevel: PIE: StaticDuplicateObject took: (0.002431s)
[2023.04.09-04.13.19:377][654]LogAIModule: Creating AISystem for world Level1
[2023.04.09-04.13.19:377][654]LogPlayLevel: PIE: World Init took: (0.000498s)
[2023.04.09-04.13.19:377][654]LogPlayLevel: PIE: Created PIE world by copying editor world from /Game/Level1.Level1 to /Game/UEDPIE_0_Level1.Level1 (0.003027s)
[2023.04.09-04.13.19:402][654]LogInit: XAudio2 using '32S321 (NVIDIA High Definition Audio)' : 2 channels at 48 kHz using 16 bits per sample (channel mask 0x3)
[2023.04.09-04.13.19:409][654]LogInit: FAudioDevice initialized.
[2023.04.09-04.13.19:448][654]LogLoad: Game class is 'GameModeBase'
[2023.04.09-04.13.19:449][654]LogWorld: Bringing World /Game/UEDPIE_0_Level1.Level1 up for play (max tick rate 0) at 2023.04.09-00.13.19
[2023.04.09-04.13.19:449][654]LogWorld: Bringing up level for play took: 0.000507
[2023.04.09-04.13.19:463][654]LogContentBrowser: Native class hierarchy updated for 'MovieSceneCapture' in 0.0002 seconds. Added 10 classes and 0 folders.
[2023.04.09-04.13.19:464][654]PIE: Play in editor start time for /Game/UEDPIE_0_Level1 0.293
[2023.04.09-04.13.19:464][654]LogBlueprintUserMessages: Late PlayInEditor Detection: Level '/Game/Level1.Level1:PersistentLevel' has LevelScriptBlueprint '/Game/Level1.Level1:PersistentLevel.Level1' with GeneratedClass '/Game/Level1.Level1_C' with ClassGeneratedBy '/Game/Level1.Level1:PersistentLevel.Level1'
[2023.04.09-04.13.51:114][450]LogBlueprintUserMessages: Early EndPlayMap Detection: Level '/Game/Level1.Level1:PersistentLevel' has LevelScriptBlueprint '/Game/Level1.Level1:PersistentLevel.Level1' with GeneratedClass '/Game/Level1.Level1_C' with ClassGeneratedBy '/Game/Level1.Level1:PersistentLevel.Level1'
[2023.04.09-04.13.51:114][450]LogSlate: Updating window title bar state: overlay mode, drag disabled, window buttons hidden, title bar hidden
[2023.04.09-04.13.51:145][450]LogPlayLevel: Display: Shutting down PIE online subsystems
[2023.04.09-04.13.51:145][450]LogBlueprintUserMessages: Late EndPlayMap Detection: Level '/Game/Level1.Level1:PersistentLevel' has LevelScriptBlueprint '/Game/Level1.Level1:PersistentLevel.Level1' with GeneratedClass '/Game/Level1.Level1_C' with ClassGeneratedBy '/Game/Level1.Level1:PersistentLevel.Level1'
[2023.04.09-04.13.51:163][450]LogSlate: Updating window title bar state: overlay mode, drag disabled, window buttons hidden, title bar hidden
[2023.04.09-04.13.51:216][454]LogPlayLevel: Display: Destroying online subsystem :Context_2
[2023.04.09-04.13.52:291][583]LogEditorViewport: Clicking on Actor (LMB): BP_Sky_Sphere_C (Sky Sphere)
[2023.04.09-04.13.54:860][888]LogSlate: FSceneViewport::OnFocusLost() reason 0
[2023.04.09-04.13.54:969][901]LogTemp: Repeating last play command: Selected Viewport
[2023.04.09-04.13.54:974][901]LogBlueprintUserMessages: Early PlayInEditor Detection: Level '/Game/Level1.Level1:PersistentLevel' has LevelScriptBlueprint '/Game/Level1.Level1:PersistentLevel.Level1' with GeneratedClass '/Game/Level1.Level1_C' with ClassGeneratedBy '/Game/Level1.Level1:PersistentLevel.Level1'
[2023.04.09-04.13.54:974][901]LogPlayLevel: PlayLevel: No blueprints needed recompiling
[2023.04.09-04.13.54:974][901]PIE: New page: PIE session: Level1 (Apr 8, 2023, 8:13:54 PM)
[2023.04.09-04.13.54:974][901]LogPlayLevel: Creating play world package: /Game/UEDPIE_0_Level1
[2023.04.09-04.13.54:976][901]LogPlayLevel: PIE: StaticDuplicateObject took: (0.001922s)
[2023.04.09-04.13.54:977][901]LogAIModule: Creating AISystem for world Level1
[2023.04.09-04.13.54:977][901]LogPlayLevel: PIE: World Init took: (0.000459s)
[2023.04.09-04.13.54:977][901]LogPlayLevel: PIE: Created PIE world by copying editor world from /Game/Level1.Level1 to /Game/UEDPIE_0_Level1.Level1 (0.002448s)
[2023.04.09-04.13.55:002][901]LogInit: XAudio2 using '32S321 (NVIDIA High Definition Audio)' : 2 channels at 48 kHz using 16 bits per sample (channel mask 0x3)
[2023.04.09-04.13.55:010][901]LogInit: FAudioDevice initialized.
[2023.04.09-04.13.55:045][901]LogLoad: Game class is 'GameModeBase'
[2023.04.09-04.13.55:046][901]LogWorld: Bringing World /Game/UEDPIE_0_Level1.Level1 up for play (max tick rate 0) at 2023.04.09-00.13.55
[2023.04.09-04.13.55:047][901]LogWorld: Bringing up level for play took: 0.000678
[2023.04.09-04.13.55:060][901]PIE: Play in editor start time for /Game/UEDPIE_0_Level1 -0.112
[2023.04.09-04.13.55:060][901]LogBlueprintUserMessages: Late PlayInEditor Detection: Level '/Game/Level1.Level1:PersistentLevel' has LevelScriptBlueprint '/Game/Level1.Level1:PersistentLevel.Level1' with GeneratedClass '/Game/Level1.Level1_C' with ClassGeneratedBy '/Game/Level1.Level1:PersistentLevel.Level1'
[2023.04.09-04.14.00:032][495]LogBlueprintUserMessages: Early EndPlayMap Detection: Level '/Game/Level1.Level1:PersistentLevel' has LevelScriptBlueprint '/Game/Level1.Level1:PersistentLevel.Level1' with GeneratedClass '/Game/Level1.Level1_C' with ClassGeneratedBy '/Game/Level1.Level1:PersistentLevel.Level1'
[2023.04.09-04.14.00:032][495]LogSlate: Updating window title bar state: overlay mode, drag disabled, window buttons hidden, title bar hidden
[2023.04.09-04.14.00:060][495]LogPlayLevel: Display: Shutting down PIE online subsystems
[2023.04.09-04.14.00:060][495]LogBlueprintUserMessages: Late EndPlayMap Detection: Level '/Game/Level1.Level1:PersistentLevel' has LevelScriptBlueprint '/Game/Level1.Level1:PersistentLevel.Level1' with GeneratedClass '/Game/Level1.Level1_C' with ClassGeneratedBy '/Game/Level1.Level1:PersistentLevel.Level1'
[2023.04.09-04.14.00:078][495]LogSlate: Updating window title bar state: overlay mode, drag disabled, window buttons hidden, title bar hidden
[2023.04.09-04.14.00:137][500]LogPlayLevel: Display: Destroying online subsystem :Context_3
[2023.04.09-04.14.01:892][710]LogSlate: FSceneViewport::OnFocusLost() reason 2
[2023.04.09-04.14.04:023][959]LogSlate: FSceneViewport::OnFocusLost() reason 2
[2023.04.09-04.14.04:025][959]LogAssetEditorManager: Opening Asset editor for LevelScriptBlueprint /Game/Level1.Level1:PersistentLevel.Level1
[2023.04.09-04.14.04:332][959]LogContentBrowser: Native class hierarchy updated for 'BlueprintGraph' in 0.0004 seconds. Added 116 classes and 0 folders.
[2023.04.09-04.14.04:762][959]LogSlate: Took 0.002969 seconds to synchronously load lazily loaded font '../../../Engine/Content/Slate/Fonts/Roboto-BoldCondensed.ttf' (158K)
[2023.04.09-04.14.04:819][960]LogSlate: Took 0.003238 seconds to synchronously load lazily loaded font '../../../Engine/Content/Slate/Fonts/Roboto-Italic.ttf' (157K)
[2023.04.09-04.26.12:164][792]LogTemp: Repeating last play command: Selected Viewport
[2023.04.09-04.26.12:170][792]LogBlueprintUserMessages: Early PlayInEditor Detection: Level '/Game/Level1.Level1:PersistentLevel' has LevelScriptBlueprint '/Game/Level1.Level1:PersistentLevel.Level1' with GeneratedClass '/Game/Level1.Level1_C' with ClassGeneratedBy '/Game/Level1.Level1:PersistentLevel.Level1'
[2023.04.09-04.26.12:170][792]BlueprintLog: New page: Pre-Play auto-recompile
[2023.04.09-04.26.12:173][792]LogPlayLevel: [PlayLevel] Compiling Level1 before play...
[2023.04.09-04.26.12:273][792]LogPlayLevel: PlayLevel: Blueprint regeneration took 102 ms (1 blueprints)
[2023.04.09-04.26.12:273][792]PIE: New page: PIE session: Level1 (Apr 8, 2023, 8:26:12 PM)
[2023.04.09-04.26.12:273][792]LogPlayLevel: Creating play world package: /Game/UEDPIE_0_Level1
[2023.04.09-04.26.12:275][792]LogPlayLevel: PIE: StaticDuplicateObject took: (0.001951s)
[2023.04.09-04.26.12:275][792]LogAIModule: Creating AISystem for world Level1
[2023.04.09-04.26.12:275][792]LogPlayLevel: PIE: World Init took: (0.000585s)
[2023.04.09-04.26.12:275][792]LogPlayLevel: PIE: Created PIE world by copying editor world from /Game/Level1.Level1 to /Game/UEDPIE_0_Level1.Level1 (0.002607s)
[2023.04.09-04.26.12:301][792]LogInit: XAudio2 using '32S321 (NVIDIA High Definition Audio)' : 2 channels at 48 kHz using 16 bits per sample (channel mask 0x3)
[2023.04.09-04.26.12:309][792]LogInit: FAudioDevice initialized.
[2023.04.09-04.26.12:315][792]LogSlate: Updating window title bar state: overlay mode, drag disabled, window buttons hidden, title bar hidden
[2023.04.09-04.26.12:351][792]LogLoad: Game class is 'GameModeBase'
[2023.04.09-04.26.12:351][792]LogWorld: Bringing World /Game/UEDPIE_0_Level1.Level1 up for play (max tick rate 0) at 2023.04.09-00.26.12
[2023.04.09-04.26.12:351][792]LogWorld: Bringing up level for play took: 0.000479
[2023.04.09-04.26.12:364][792]PIE: Play in editor start time for /Game/UEDPIE_0_Level1 1.192
[2023.04.09-04.26.12:364][792]LogBlueprintUserMessages: Late PlayInEditor Detection: Level '/Game/Level1.Level1:PersistentLevel' has LevelScriptBlueprint '/Game/Level1.Level1:PersistentLevel.Level1' with GeneratedClass '/Game/Level1.Level1_C' with ClassGeneratedBy '/Game/Level1.Level1:PersistentLevel.Level1'
[2023.04.09-04.26.12:399][792]LogRenderer: Reallocating scene render targets to support 1564x756 Format 10 NumSamples 1 (Frame:1).
[2023.04.09-04.26.16:569][266]LogBlueprintUserMessages: Early EndPlayMap Detection: Level '/Game/Level1.Level1:PersistentLevel' has LevelScriptBlueprint '/Game/Level1.Level1:PersistentLevel.Level1' with GeneratedClass '/Game/Level1.Level1_C' with ClassGeneratedBy '/Game/Level1.Level1:PersistentLevel.Level1'
[2023.04.09-04.26.16:569][266]LogSlate: Updating window title bar state: overlay mode, drag disabled, window buttons hidden, title bar hidden
[2023.04.09-04.26.16:575][266]LogSlate: Window 'MarbleRun Game Preview Standalone (64-bit/PCD3D_SM5)' being destroyed
[2023.04.09-04.26.16:610][266]LogPlayLevel: Display: Shutting down PIE online subsystems
[2023.04.09-04.26.16:610][266]LogBlueprintUserMessages: Late EndPlayMap Detection: Level '/Game/Level1.Level1:PersistentLevel' has LevelScriptBlueprint '/Game/Level1.Level1:PersistentLevel.Level1' with GeneratedClass '/Game/Level1.Level1_C' with ClassGeneratedBy '/Game/Level1.Level1:PersistentLevel.Level1'
[2023.04.09-04.26.16:670][269]LogPlayLevel: Display: Destroying online subsystem :Context_5
[2023.04.09-04.26.49:342][820]LogTemp: Repeating last play command: Selected Viewport
[2023.04.09-04.26.49:347][820]LogBlueprintUserMessages: Early PlayInEditor Detection: Level '/Game/Level1.Level1:PersistentLevel' has LevelScriptBlueprint '/Game/Level1.Level1:PersistentLevel.Level1' with GeneratedClass '/Game/Level1.Level1_C' with ClassGeneratedBy '/Game/Level1.Level1:PersistentLevel.Level1'
[2023.04.09-04.26.49:347][820]BlueprintLog: New page: Pre-Play auto-recompile
[2023.04.09-04.26.49:351][820]LogPlayLevel: [PlayLevel] Compiling Level1 before play...
[2023.04.09-04.26.49:443][820]LogPlayLevel: PlayLevel: Blueprint regeneration took 95 ms (1 blueprints)
[2023.04.09-04.26.49:443][820]PIE: New page: PIE session: Level1 (Apr 8, 2023, 8:26:49 PM)
[2023.04.09-04.26.49:443][820]LogPlayLevel: Creating play world package: /Game/UEDPIE_0_Level1
[2023.04.09-04.26.49:445][820]LogPlayLevel: PIE: StaticDuplicateObject took: (0.001880s)
[2023.04.09-04.26.49:446][820]LogAIModule: Creating AISystem for world Level1
[2023.04.09-04.26.49:446][820]LogPlayLevel: PIE: World Init took: (0.000602s)
[2023.04.09-04.26.49:446][820]LogPlayLevel: PIE: Created PIE world by copying editor world from /Game/Level1.Level1 to /Game/UEDPIE_0_Level1.Level1 (0.002551s)
[2023.04.09-04.26.49:472][820]LogInit: XAudio2 using '32S321 (NVIDIA High Definition Audio)' : 2 channels at 48 kHz using 16 bits per sample (channel mask 0x3)
[2023.04.09-04.26.49:479][820]LogInit: FAudioDevice initialized.
[2023.04.09-04.26.49:486][820]LogSlate: Updating window title bar state: overlay mode, drag disabled, window buttons hidden, title bar hidden
[2023.04.09-04.26.49:514][820]LogLoad: Game class is 'GameModeBase'
[2023.04.09-04.26.49:514][820]LogWorld: Bringing World /Game/UEDPIE_0_Level1.Level1 up for play (max tick rate 0) at 2023.04.09-00.26.49
[2023.04.09-04.26.49:515][820]LogWorld: Bringing up level for play took: 0.000455
[2023.04.09-04.26.49:527][820]PIE: Play in editor start time for /Game/UEDPIE_0_Level1 0.356
[2023.04.09-04.26.49:527][820]LogBlueprintUserMessages: Late PlayInEditor Detection: Level '/Game/Level1.Level1:PersistentLevel' has LevelScriptBlueprint '/Game/Level1.Level1:PersistentLevel.Level1' with GeneratedClass '/Game/Level1.Level1_C' with ClassGeneratedBy '/Game/Level1.Level1:PersistentLevel.Level1'
[2023.04.09-04.26.59:098][952]LogBlueprintUserMessages: Early EndPlayMap Detection: Level '/Game/Level1.Level1:PersistentLevel' has LevelScriptBlueprint '/Game/Level1.Level1:PersistentLevel.Level1' with GeneratedClass '/Game/Level1.Level1_C' with ClassGeneratedBy '/Game/Level1.Level1:PersistentLevel.Level1'
[2023.04.09-04.26.59:098][952]LogSlate: Updating window title bar state: overlay mode, drag disabled, window buttons hidden, title bar hidden
[2023.04.09-04.26.59:104][952]LogSlate: Window 'MarbleRun Game Preview Standalone (64-bit/PCD3D_SM5)' being destroyed
[2023.04.09-04.26.59:135][952]LogPlayLevel: Display: Shutting down PIE online subsystems
[2023.04.09-04.26.59:135][952]LogBlueprintUserMessages: Late EndPlayMap Detection: Level '/Game/Level1.Level1:PersistentLevel' has LevelScriptBlueprint '/Game/Level1.Level1:PersistentLevel.Level1' with GeneratedClass '/Game/Level1.Level1_C' with ClassGeneratedBy '/Game/Level1.Level1:PersistentLevel.Level1'
[2023.04.09-04.26.59:201][956]LogPlayLevel: Display: Destroying online subsystem :Context_6
[2023.04.09-04.27.00:443][105]LogTemp: Repeating last play command: Selected Viewport
[2023.04.09-04.27.00:448][105]LogBlueprintUserMessages: Early PlayInEditor Detection: Level '/Game/Level1.Level1:PersistentLevel' has LevelScriptBlueprint '/Game/Level1.Level1:PersistentLevel.Level1' with GeneratedClass '/Game/Level1.Level1_C' with ClassGeneratedBy '/Game/Level1.Level1:PersistentLevel.Level1'
[2023.04.09-04.27.00:448][105]LogPlayLevel: PlayLevel: No blueprints needed recompiling
[2023.04.09-04.27.00:448][105]PIE: New page: PIE session: Level1 (Apr 8, 2023, 8:27:00 PM)
[2023.04.09-04.27.00:448][105]LogPlayLevel: Creating play world package: /Game/UEDPIE_0_Level1
[2023.04.09-04.27.00:450][105]LogPlayLevel: PIE: StaticDuplicateObject took: (0.002003s)
[2023.04.09-04.27.00:450][105]LogAIModule: Creating AISystem for world Level1
[2023.04.09-04.27.00:451][105]LogPlayLevel: PIE: World Init took: (0.000548s)
[2023.04.09-04.27.00:451][105]LogPlayLevel: PIE: Created PIE world by copying editor world from /Game/Level1.Level1 to /Game/UEDPIE_0_Level1.Level1 (0.002617s)
[2023.04.09-04.27.00:477][105]LogInit: XAudio2 using '32S321 (NVIDIA High Definition Audio)' : 2 channels at 48 kHz using 16 bits per sample (channel mask 0x3)
[2023.04.09-04.27.00:484][105]LogInit: FAudioDevice initialized.
[2023.04.09-04.27.00:490][105]LogSlate: Updating window title bar state: overlay mode, drag disabled, window buttons hidden, title bar hidden
[2023.04.09-04.27.00:522][105]LogLoad: Game class is 'GameModeBase'
[2023.04.09-04.27.00:523][105]LogWorld: Bringing World /Game/UEDPIE_0_Level1.Level1 up for play (max tick rate 0) at 2023.04.09-00.27.00
[2023.04.09-04.27.00:523][105]LogWorld: Bringing up level for play took: 0.000471
[2023.04.09-04.27.00:536][105]PIE: Play in editor start time for /Game/UEDPIE_0_Level1 -0.635
[2023.04.09-04.27.00:536][105]LogBlueprintUserMessages: Late PlayInEditor Detection: Level '/Game/Level1.Level1:PersistentLevel' has LevelScriptBlueprint '/Game/Level1.Level1:PersistentLevel.Level1' with GeneratedClass '/Game/Level1.Level1_C' with ClassGeneratedBy '/Game/Level1.Level1:PersistentLevel.Level1'
[2023.04.09-04.27.15:444][888]LogBlueprintUserMessages: Early EndPlayMap Detection: Level '/Game/Level1.Level1:PersistentLevel' has LevelScriptBlueprint '/Game/Level1.Level1:PersistentLevel.Level1' with GeneratedClass '/Game/Level1.Level1_C' with ClassGeneratedBy '/Game/Level1.Level1:PersistentLevel.Level1'
[2023.04.09-04.27.15:444][888]LogSlate: Updating window title bar state: overlay mode, drag disabled, window buttons hidden, title bar hidden
[2023.04.09-04.27.15:450][888]LogSlate: Window 'MarbleRun Game Preview Standalone (64-bit/PCD3D_SM5)' being destroyed
[2023.04.09-04.27.15:486][888]LogPlayLevel: Display: Shutting down PIE online subsystems
[2023.04.09-04.27.15:486][888]LogBlueprintUserMessages: Late EndPlayMap Detection: Level '/Game/Level1.Level1:PersistentLevel' has LevelScriptBlueprint '/Game/Level1.Level1:PersistentLevel.Level1' with GeneratedClass '/Game/Level1.Level1_C' with ClassGeneratedBy '/Game/Level1.Level1:PersistentLevel.Level1'
[2023.04.09-04.27.15:551][892]LogPlayLevel: Display: Destroying online subsystem :Context_7
[2023.04.09-04.27.16:485][  4]LogTemp: Repeating last play command: Selected Viewport
[2023.04.09-04.27.16:490][  4]LogBlueprintUserMessages: Early PlayInEditor Detection: Level '/Game/Level1.Level1:PersistentLevel' has LevelScriptBlueprint '/Game/Level1.Level1:PersistentLevel.Level1' with GeneratedClass '/Game/Level1.Level1_C' with ClassGeneratedBy '/Game/Level1.Level1:PersistentLevel.Level1'
[2023.04.09-04.27.16:490][  4]LogPlayLevel: PlayLevel: No blueprints needed recompiling
[2023.04.09-04.27.16:490][  4]PIE: New page: PIE session: Level1 (Apr 8, 2023, 8:27:16 PM)
[2023.04.09-04.27.16:490][  4]LogPlayLevel: Creating play world package: /Game/UEDPIE_0_Level1
[2023.04.09-04.27.16:492][  4]LogPlayLevel: PIE: StaticDuplicateObject took: (0.002012s)
[2023.04.09-04.27.16:493][  4]LogAIModule: Creating AISystem for world Level1
[2023.04.09-04.27.16:493][  4]LogPlayLevel: PIE: World Init took: (0.000490s)
[2023.04.09-04.27.16:493][  4]LogPlayLevel: PIE: Created PIE world by copying editor world from /Game/Level1.Level1 to /Game/UEDPIE_0_Level1.Level1 (0.002569s)
[2023.04.09-04.27.16:520][  4]LogInit: XAudio2 using '32S321 (NVIDIA High Definition Audio)' : 2 channels at 48 kHz using 16 bits per sample (channel mask 0x3)
[2023.04.09-04.27.16:526][  4]LogInit: FAudioDevice initialized.
[2023.04.09-04.27.16:533][  4]LogSlate: Updating window title bar state: overlay mode, drag disabled, window buttons hidden, title bar hidden
[2023.04.09-04.27.16:562][  4]LogLoad: Game class is 'GameModeBase'
[2023.04.09-04.27.16:563][  4]LogWorld: Bringing World /Game/UEDPIE_0_Level1.Level1 up for play (max tick rate 0) at 2023.04.09-00.27.16
[2023.04.09-04.27.16:563][  4]LogWorld: Bringing up level for play took: 0.000430
[2023.04.09-04.27.16:575][  4]PIE: Play in editor start time for /Game/UEDPIE_0_Level1 -0.596
[2023.04.09-04.27.16:576][  4]LogBlueprintUserMessages: Late PlayInEditor Detection: Level '/Game/Level1.Level1:PersistentLevel' has LevelScriptBlueprint '/Game/Level1.Level1:PersistentLevel.Level1' with GeneratedClass '/Game/Level1.Level1_C' with ClassGeneratedBy '/Game/Level1.Level1:PersistentLevel.Level1'
[2023.04.09-04.27.21:849][633]LogBlueprintUserMessages: Early EndPlayMap Detection: Level '/Game/Level1.Level1:PersistentLevel' has LevelScriptBlueprint '/Game/Level1.Level1:PersistentLevel.Level1' with GeneratedClass '/Game/Level1.Level1_C' with ClassGeneratedBy '/Game/Level1.Level1:PersistentLevel.Level1'
[2023.04.09-04.27.21:849][633]LogSlate: Updating window title bar state: overlay mode, drag disabled, window buttons hidden, title bar hidden
[2023.04.09-04.27.21:855][633]LogSlate: Window 'MarbleRun Game Preview Standalone (64-bit/PCD3D_SM5)' being destroyed
[2023.04.09-04.27.21:887][633]LogPlayLevel: Display: Shutting down PIE online subsystems
[2023.04.09-04.27.21:887][633]LogBlueprintUserMessages: Late EndPlayMap Detection: Level '/Game/Level1.Level1:PersistentLevel' has LevelScriptBlueprint '/Game/Level1.Level1:PersistentLevel.Level1' with GeneratedClass '/Game/Level1.Level1_C' with ClassGeneratedBy '/Game/Level1.Level1:PersistentLevel.Level1'
[2023.04.09-04.27.21:954][637]LogPlayLevel: Display: Destroying online subsystem :Context_8
[2023.04.09-04.27.46:661][848]Cmd: OBJ SAVEPACKAGE PACKAGE="/Game/Level1" FILE="../../../../../../GameDev/MarbleRun/Saved/Autosaves/Game/Level1_Auto1.umap" SILENT=true AUTOSAVING=true KEEPDIRTY=false
[2023.04.09-04.27.46:768][848]LogSavePackage: Moving '../../../../../../GameDev/MarbleRun/Saved/Level1_Auto17A961E074476DA85D708EDBA49F82338.tmp' to '../../../../../../GameDev/MarbleRun/Saved/Autosaves/Game/Level1_Auto1.umap'
[2023.04.09-04.27.46:772][848]LogFileHelpers: Editor autosave (incl. sublevels) for '/Game/Level1' took 0.142
[2023.04.09-04.27.46:772][848]LogFileHelpers: Editor autosave (incl. sublevels) for all levels took 0.142
[2023.04.09-04.27.47:324][912]LogTemp: Repeating last play command: Selected Viewport
[2023.04.09-04.27.47:330][912]LogBlueprintUserMessages: Early PlayInEditor Detection: Level '/Game/Level1.Level1:PersistentLevel' has LevelScriptBlueprint '/Game/Level1.Level1:PersistentLevel.Level1' with GeneratedClass '/Game/Level1.Level1_C' with ClassGeneratedBy '/Game/Level1.Level1:PersistentLevel.Level1'
[2023.04.09-04.27.47:330][912]LogPlayLevel: PlayLevel: No blueprints needed recompiling
[2023.04.09-04.27.47:330][912]PIE: New page: PIE session: Level1 (Apr 8, 2023, 8:27:47 PM)
[2023.04.09-04.27.47:330][912]LogPlayLevel: Creating play world package: /Game/UEDPIE_0_Level1
[2023.04.09-04.27.47:332][912]LogPlayLevel: PIE: StaticDuplicateObject took: (0.001989s)
[2023.04.09-04.27.47:332][912]LogAIModule: Creating AISystem for world Level1
[2023.04.09-04.27.47:332][912]LogPlayLevel: PIE: World Init took: (0.000529s)
[2023.04.09-04.27.47:332][912]LogPlayLevel: PIE: Created PIE world by copying editor world from /Game/Level1.Level1 to /Game/UEDPIE_0_Level1.Level1 (0.002586s)
[2023.04.09-04.27.47:359][912]LogInit: XAudio2 using '32S321 (NVIDIA High Definition Audio)' : 2 channels at 48 kHz using 16 bits per sample (channel mask 0x3)
[2023.04.09-04.27.47:366][912]LogInit: FAudioDevice initialized.
[2023.04.09-04.27.47:373][912]LogSlate: Updating window title bar state: overlay mode, drag disabled, window buttons hidden, title bar hidden
[2023.04.09-04.27.47:408][912]LogLoad: Game class is 'GameModeBase'
[2023.04.09-04.27.47:409][912]LogWorld: Bringing World /Game/UEDPIE_0_Level1.Level1 up for play (max tick rate 0) at 2023.04.09-00.27.47
[2023.04.09-04.27.47:409][912]LogWorld: Bringing up level for play took: 0.000443
[2023.04.09-04.27.47:422][912]PIE: Play in editor start time for /Game/UEDPIE_0_Level1 0.251
[2023.04.09-04.27.47:422][912]LogBlueprintUserMessages: Late PlayInEditor Detection: Level '/Game/Level1.Level1:PersistentLevel' has LevelScriptBlueprint '/Game/Level1.Level1:PersistentLevel.Level1' with GeneratedClass '/Game/Level1.Level1_C' with ClassGeneratedBy '/Game/Level1.Level1:PersistentLevel.Level1'
[2023.04.09-04.28.01:420][588]LogBlueprintUserMessages: Early EndPlayMap Detection: Level '/Game/Level1.Level1:PersistentLevel' has LevelScriptBlueprint '/Game/Level1.Level1:PersistentLevel.Level1' with GeneratedClass '/Game/Level1.Level1_C' with ClassGeneratedBy '/Game/Level1.Level1:PersistentLevel.Level1'
[2023.04.09-04.28.01:420][588]LogSlate: Updating window title bar state: overlay mode, drag disabled, window buttons hidden, title bar hidden
[2023.04.09-04.28.01:426][588]LogSlate: Window 'MarbleRun Game Preview Standalone (64-bit/PCD3D_SM5)' being destroyed
[2023.04.09-04.28.01:460][588]LogPlayLevel: Display: Shutting down PIE online subsystems
[2023.04.09-04.28.01:460][588]LogBlueprintUserMessages: Late EndPlayMap Detection: Level '/Game/Level1.Level1:PersistentLevel' has LevelScriptBlueprint '/Game/Level1.Level1:PersistentLevel.Level1' with GeneratedClass '/Game/Level1.Level1_C' with ClassGeneratedBy '/Game/Level1.Level1:PersistentLevel.Level1'
[2023.04.09-04.28.01:527][592]LogPlayLevel: Display: Destroying online subsystem :Context_9
[2023.04.09-04.28.47:758][133]LogLinker: Warning: Can't resolve asset name
[2023.04.09-04.29.56:634][525]LogTemp: Repeating last play command: Selected Viewport
[2023.04.09-04.29.56:641][525]LogBlueprintUserMessages: Early PlayInEditor Detection: Level '/Game/Level1.Level1:PersistentLevel' has LevelScriptBlueprint '/Game/Level1.Level1:PersistentLevel.Level1' with GeneratedClass '/Game/Level1.Level1_C' with ClassGeneratedBy '/Game/Level1.Level1:PersistentLevel.Level1'
[2023.04.09-04.29.56:641][525]BlueprintLog: New page: Pre-Play auto-recompile
[2023.04.09-04.29.56:644][525]LogPlayLevel: [PlayLevel] Compiling Level1 before play...
[2023.04.09-04.29.56:735][525]LogPlayLevel: PlayLevel: Blueprint regeneration took 94 ms (1 blueprints)
[2023.04.09-04.29.56:735][525]PIE: New page: PIE session: Level1 (Apr 8, 2023, 8:29:56 PM)
[2023.04.09-04.29.56:735][525]LogPlayLevel: Creating play world package: /Game/UEDPIE_0_Level1
[2023.04.09-04.29.56:737][525]LogPlayLevel: PIE: StaticDuplicateObject took: (0.001940s)
[2023.04.09-04.29.56:738][525]LogAIModule: Creating AISystem for world Level1
[2023.04.09-04.29.56:738][525]LogPlayLevel: PIE: World Init took: (0.000607s)
[2023.04.09-04.29.56:738][525]LogPlayLevel: PIE: Created PIE world by copying editor world from /Game/Level1.Level1 to /Game/UEDPIE_0_Level1.Level1 (0.002616s)
[2023.04.09-04.29.56:764][525]LogInit: XAudio2 using '32S321 (NVIDIA High Definition Audio)' : 2 channels at 48 kHz using 16 bits per sample (channel mask 0x3)
[2023.04.09-04.29.56:771][525]LogInit: FAudioDevice initialized.
[2023.04.09-04.29.56:777][525]LogSlate: Updating window title bar state: overlay mode, drag disabled, window buttons hidden, title bar hidden
[2023.04.09-04.29.56:809][525]LogLoad: Game class is 'GameModeBase'
[2023.04.09-04.29.56:810][525]LogWorld: Bringing World /Game/UEDPIE_0_Level1.Level1 up for play (max tick rate 0) at 2023.04.09-00.29.56
[2023.04.09-04.29.56:810][525]LogWorld: Bringing up level for play took: 0.000466
[2023.04.09-04.29.56:822][525]PIE: Play in editor start time for /Game/UEDPIE_0_Level1 -0.349
[2023.04.09-04.29.56:822][525]LogBlueprintUserMessages: Late PlayInEditor Detection: Level '/Game/Level1.Level1:PersistentLevel' has LevelScriptBlueprint '/Game/Level1.Level1:PersistentLevel.Level1' with GeneratedClass '/Game/Level1.Level1_C' with ClassGeneratedBy '/Game/Level1.Level1:PersistentLevel.Level1'
[2023.04.09-04.30.11:009][206]LogBlueprintUserMessages: Early EndPlayMap Detection: Level '/Game/Level1.Level1:PersistentLevel' has LevelScriptBlueprint '/Game/Level1.Level1:PersistentLevel.Level1' with GeneratedClass '/Game/Level1.Level1_C' with ClassGeneratedBy '/Game/Level1.Level1:PersistentLevel.Level1'
[2023.04.09-04.30.11:009][206]LogSlate: Updating window title bar state: overlay mode, drag disabled, window buttons hidden, title bar hidden
[2023.04.09-04.30.11:016][206]LogSlate: Window 'MarbleRun Game Preview Standalone (64-bit/PCD3D_SM5)' being destroyed
[2023.04.09-04.30.11:052][206]LogPlayLevel: Display: Shutting down PIE online subsystems
[2023.04.09-04.30.11:052][206]LogBlueprintUserMessages: Late EndPlayMap Detection: Level '/Game/Level1.Level1:PersistentLevel' has LevelScriptBlueprint '/Game/Level1.Level1:PersistentLevel.Level1' with GeneratedClass '/Game/Level1.Level1_C' with ClassGeneratedBy '/Game/Level1.Level1:PersistentLevel.Level1'
[2023.04.09-04.30.11:112][209]LogPlayLevel: Display: Destroying online subsystem :Context_10
[2023.04.09-04.31.00:787][ 41]Cmd: OBJ SAVEPACKAGE PACKAGE="/Game/Level1" FILE="../../../../../../GameDev/MarbleRun/Content/Level1.umap" SILENT=true AUTOSAVING=false KEEPDIRTY=false
[2023.04.09-04.31.00:907][ 41]LogSavePackage: Moving '../../../../../../GameDev/MarbleRun/Saved/Level182163C244167FB7CB308DD93AEA971DD.tmp' to '../../../../../../GameDev/MarbleRun/Content/Level1.umap'
[2023.04.09-04.31.00:917][ 41]LogFileHelpers: Saving map 'Level1' took 1.492
[2023.04.09-04.31.06:248][671]LogSlate: Window 'Tutorials' being destroyed
[2023.04.09-04.31.06:249][671]LogSlate: Window 'MarbleRun - Unreal Editor' being destroyed
[2023.04.09-04.31.06:398][672]Cmd: QUIT_EDITOR
[2023.04.09-04.31.06:573][672]LogWindowsTextInputMethodSystem: Display: IME system now deactivated.
[2023.04.09-04.31.06:578][672]LogExit: Preparing to exit.
[2023.04.09-04.31.07:567][672]LogExit: Editor shut down
[2023.04.09-04.31.07:567][672]LogExit: Transaction tracking system shut down
[2023.04.09-04.31.07:985][672]LogExit: Object subsystem successfully closed.
[2023.04.09-04.31.08:007][672]LogShaderCompilers: Display: Shaders left to compile 0
[2023.04.09-04.31.08:009][672]LogD3D11RHI: Shutdown
[2023.04.09-04.31.08:009][672]LogD3D11RHI: CleanupD3DDevice
[2023.04.09-04.31.08:010][672]LogD3D11RHI: ~FD3D11DynamicRHI
[2023.04.09-04.31.08:031][672]LogModuleManager: Shutting down and abandoning module BlueprintGraph (616)
[2023.04.09-04.31.08:031][672]LogModuleManager: Shutting down and abandoning module MovieSceneCapture (614)
[2023.04.09-04.31.08:031][672]LogModuleManager: Shutting down and abandoning module Voice (612)
[2023.04.09-04.31.08:031][672]LogModuleManager: Shutting down and abandoning module HierarchicalLODOutliner (610)
[2023.04.09-04.31.08:031][672]LogModuleManager: Shutting down and abandoning module SceneOutliner (608)
[2023.04.09-04.31.08:031][672]LogModuleManager: Shutting down and abandoning module AddContentDialog (606)
[2023.04.09-04.31.08:031][672]LogModuleManager: Shutting down and abandoning module WidgetCarousel (605)
[2023.04.09-04.31.08:031][672]LogModuleManager: Shutting down and abandoning module EditorWidgets (602)
[2023.04.09-04.31.08:031][672]LogModuleManager: Shutting down and abandoning module CollectionManager (600)
[2023.04.09-04.31.08:031][672]LogModuleManager: Shutting down and abandoning module StatsViewer (598)
[2023.04.09-04.31.08:031][672]LogModuleManager: Shutting down and abandoning module FoliageEdit (596)
[2023.04.09-04.31.08:031][672]LogModuleManager: Shutting down and abandoning module LandscapeEditor (594)
[2023.04.09-04.31.08:031][672]LogModuleManager: Shutting down and abandoning module MeshPaintMode (592)
[2023.04.09-04.31.08:031][672]LogModuleManager: Shutting down and abandoning module SceneDepthPickerMode (590)
[2023.04.09-04.31.08:031][672]LogModuleManager: Shutting down and abandoning module ActorPickerMode (588)
[2023.04.09-04.31.08:031][672]LogModuleManager: Shutting down and abandoning module GeometryMode (586)
[2023.04.09-04.31.08:031][672]LogModuleManager: Shutting down and abandoning module TextureAlignMode (584)
[2023.04.09-04.31.08:031][672]LogModuleManager: Shutting down and abandoning module BspMode (582)
[2023.04.09-04.31.08:031][672]LogModuleManager: Shutting down and abandoning module PIEPreviewDeviceProfileSelector (580)
[2023.04.09-04.31.08:031][672]LogModuleManager: Shutting down and abandoning module SequenceRecorderSections (578)
[2023.04.09-04.31.08:031][672]LogModuleManager: Shutting down and abandoning module AutomationWorker (576)
[2023.04.09-04.31.08:031][672]LogModuleManager: Shutting down and abandoning module AudioCaptureEditor (574)
[2023.04.09-04.31.08:031][672]LogModuleManager: Shutting down and abandoning module SequenceRecorder (573)
[2023.04.09-04.31.08:031][672]LogModuleManager: Shutting down and abandoning module MatineeToLevelSequence (570)
[2023.04.09-04.31.08:031][672]LogModuleManager: Shutting down and abandoning module LevelSequenceEditor (568)
[2023.04.09-04.31.08:031][672]LogModuleManager: Shutting down and abandoning module PlacementMode (567)
[2023.04.09-04.31.08:031][672]LogModuleManager: Shutting down and abandoning module MaterialEditor (566)
[2023.04.09-04.31.08:031][672]LogModuleManager: Shutting down and abandoning module WmfMediaFactory (562)
[2023.04.09-04.31.08:031][672]LogModuleManager: Shutting down and abandoning module WmfMediaEditor (560)
[2023.04.09-04.31.08:031][672]LogModuleManager: Shutting down and abandoning module MediaPlayerEditor (558)
[2023.04.09-04.31.08:031][672]LogModuleManager: Shutting down and abandoning module OpenExrWrapper (556)
[2023.04.09-04.31.08:032][672]LogModuleManager: Shutting down and abandoning module ImgMediaFactory (554)
[2023.04.09-04.31.08:032][672]LogModuleManager: Shutting down and abandoning module ImgMediaEditor (552)
[2023.04.09-04.31.08:032][672]LogModuleManager: Shutting down and abandoning module AvfMediaFactory (550)
[2023.04.09-04.31.08:032][672]LogModuleManager: Shutting down and abandoning module AvfMediaEditor (548)
[2023.04.09-04.31.08:032][672]LogModuleManager: Shutting down and abandoning module AndroidMediaFactory (546)
[2023.04.09-04.31.08:032][672]LogModuleManager: Shutting down and abandoning module AndroidMediaEditor (544)
[2023.04.09-04.31.08:032][672]LogModuleManager: Shutting down and abandoning module MagicLeapCameraPreviewFactory (542)
[2023.04.09-04.31.08:032][672]LogModuleManager: Shutting down and abandoning module MagicLeapMediaFactory (540)
[2023.04.09-04.31.08:032][672]LogModuleManager: Shutting down and abandoning module MagicLeapMediaEditor (538)
[2023.04.09-04.31.08:032][672]LogModuleManager: Shutting down and abandoning module CharacterAI (536)
[2023.04.09-04.31.08:032][672]LogModuleManager: Shutting down and abandoning module SmartSnapping (534)
[2023.04.09-04.31.08:032][672]LogModuleManager: Shutting down and abandoning module SessionServices (532)
[2023.04.09-04.31.08:032][672]LogModuleManager: Shutting down and abandoning module ViewportSnapping (530)
[2023.04.09-04.31.08:032][672]LogModuleManager: Shutting down and abandoning module ViewportInteraction (528)
[2023.04.09-04.31.08:032][672]LogModuleManager: Shutting down and abandoning module ClothPainter (526)
[2023.04.09-04.31.08:032][672]LogModuleManager: Shutting down and abandoning module SkeletalMeshEditor (525)
[2023.04.09-04.31.08:032][672]LogModuleManager: Shutting down and abandoning module LogVisualizer (522)
[2023.04.09-04.31.08:032][672]LogModuleManager: Shutting down and abandoning module IntroTutorials (520)
[2023.04.09-04.31.08:032][672]LogModuleManager: Shutting down and abandoning module GameProjectGeneration (519)
[2023.04.09-04.31.08:032][672]LogModuleManager: Shutting down and abandoning module LuminPlatformEditor (516)
[2023.04.09-04.31.08:032][672]LogModuleManager: Shutting down and abandoning module IOSPlatformEditor (514)
[2023.04.09-04.31.08:032][672]LogModuleManager: Shutting down and abandoning module HTML5PlatformEditor (512)
[2023.04.09-04.31.08:032][672]LogModuleManager: Shutting down and abandoning module AndroidPlatformEditor (510)
[2023.04.09-04.31.08:032][672]LogModuleManager: Shutting down and abandoning module AndroidDeviceDetection (509)
[2023.04.09-04.31.09:157][672]LogModuleManager: Shutting down and abandoning module WindowsPlatformEditor (506)
[2023.04.09-04.31.09:157][672]LogModuleManager: Shutting down and abandoning module LuminRuntimeSettings (504)
[2023.04.09-04.31.09:157][672]LogModuleManager: Shutting down and abandoning module IOSRuntimeSettings (502)
[2023.04.09-04.31.09:157][672]LogModuleManager: Shutting down and abandoning module AndroidRuntimeSettings (500)
[2023.04.09-04.31.09:157][672]LogModuleManager: Shutting down and abandoning module InputBindingEditor (498)
[2023.04.09-04.31.09:157][672]LogModuleManager: Shutting down and abandoning module MergeActors (496)
[2023.04.09-04.31.09:157][672]LogModuleManager: Shutting down and abandoning module LocalizationDashboard (494)
[2023.04.09-04.31.09:157][672]LogModuleManager: Shutting down and abandoning module LocalizationService (493)
[2023.04.09-04.31.09:157][672]LogModuleManager: Shutting down and abandoning module HardwareTargeting (490)
[2023.04.09-04.31.09:157][672]LogModuleManager: Shutting down and abandoning module DeviceProfileEditor (488)
[2023.04.09-04.31.09:157][672]LogModuleManager: Shutting down and abandoning module UndoHistory (486)
[2023.04.09-04.31.09:157][672]LogModuleManager: Shutting down and abandoning module XmlParser (484)
[2023.04.09-04.31.09:157][672]LogModuleManager: Shutting down and abandoning module Blutility (482)
[2023.04.09-04.31.09:157][672]LogModuleManager: Shutting down and abandoning module ProjectSettingsViewer (480)
[2023.04.09-04.31.09:157][672]LogModuleManager: Shutting down and abandoning module ProjectTargetPlatformEditor (479)
[2023.04.09-04.31.09:157][672]LogModuleManager: Shutting down and abandoning module EditorSettingsViewer (476)
[2023.04.09-04.31.09:157][672]LogModuleManager: Shutting down and abandoning module SettingsEditor (474)
[2023.04.09-04.31.09:157][672]LogModuleManager: Shutting down and abandoning module ProjectLauncher (472)
[2023.04.09-04.31.09:158][672]LogModuleManager: Shutting down and abandoning module SessionFrontend (470)
[2023.04.09-04.31.09:158][672]LogModuleManager: Shutting down and abandoning module ProfilerClient (468)
[2023.04.09-04.31.09:158][672]LogModuleManager: Shutting down and abandoning module DeviceManager (466)
[2023.04.09-04.31.09:158][672]LogModuleManager: Shutting down and abandoning module TargetDeviceServices (465)
[2023.04.09-04.31.09:200][672]LogModuleManager: Shutting down and abandoning module AutomationController (462)
[2023.04.09-04.31.09:200][672]LogModuleManager: Shutting down and abandoning module AutomationWindow (460)
[2023.04.09-04.31.09:200][672]LogModuleManager: Shutting down and abandoning module Layers (458)
[2023.04.09-04.31.09:200][672]LogModuleManager: Shutting down and abandoning module ComponentVisualizers (456)
[2023.04.09-04.31.09:200][672]LogModuleManager: Shutting down and abandoning module DetailCustomizations (454)
[2023.04.09-04.31.09:200][672]LogModuleManager: Shutting down and abandoning module PackagesDialog (452)
[2023.04.09-04.31.09:200][672]LogModuleManager: Shutting down and abandoning module Persona (450)
[2023.04.09-04.31.09:200][672]LogModuleManager: Shutting down and abandoning module AdvancedPreviewScene (449)
[2023.04.09-04.31.09:200][672]LogModuleManager: Shutting down and abandoning module AnimGraph (447)
[2023.04.09-04.31.09:200][672]LogModuleManager: Shutting down and abandoning module Kismet (444)
[2023.04.09-04.31.09:203][672]LogModuleManager: Shutting down and abandoning module GraphEditor (442)
[2023.04.09-04.31.09:203][672]LogModuleManager: Shutting down and abandoning module ClassViewer (440)
[2023.04.09-04.31.09:203][672]LogModuleManager: Shutting down and abandoning module Toolbox (438)
[2023.04.09-04.31.09:203][672]LogModuleManager: Shutting down and abandoning module ModuleUI (436)
[2023.04.09-04.31.09:203][672]LogModuleManager: Shutting down and abandoning module MovieSceneTools (434)
[2023.04.09-04.31.09:203][672]LogModuleManager: Shutting down and abandoning module OutputLog (432)
[2023.04.09-04.31.09:203][672]LogModuleManager: Shutting down and abandoning module GammaUI (430)
[2023.04.09-04.31.09:203][672]LogModuleManager: Shutting down and abandoning module Documentation (428)
[2023.04.09-04.31.09:203][672]LogModuleManager: Shutting down and abandoning module MovieSceneTracks (426)
[2023.04.09-04.31.09:203][672]LogModuleManager: Shutting down and abandoning module MovieScene (424)
[2023.04.09-04.31.09:203][672]LogModuleManager: Shutting down and abandoning module StreamingPauseRendering (422)
[2023.04.09-04.31.09:203][672]LogModuleManager: Shutting down and abandoning module LauncherPlatform (420)
[2023.04.09-04.31.09:203][672]LogModuleManager: Shutting down and abandoning module AnalyticsET (418)
[2023.04.09-04.31.09:203][672]LogModuleManager: Shutting down and abandoning module PortalServices (416)
[2023.04.09-04.31.09:203][672]LogModuleManager: Shutting down and abandoning module PortalRpc (414)
[2023.04.09-04.31.09:203][672]LogModuleManager: Shutting down and abandoning module MessagingRpc (412)
[2023.04.09-04.31.09:203][672]LogModuleManager: Shutting down and abandoning module AIModule (410)
[2023.04.09-04.31.09:203][672]LogModuleManager: Shutting down and abandoning module GameplayDebugger (409)
[2023.04.09-04.31.09:203][672]LogModuleManager: Shutting down and abandoning module AITestSuite (407)
[2023.04.09-04.31.09:203][672]LogModuleManager: Shutting down and abandoning module NavigationSystem (405)
[2023.04.09-04.31.09:203][672]LogModuleManager: Shutting down and abandoning module DesktopPlatform (402)
[2023.04.09-04.31.09:203][672]LogModuleManager: Shutting down and abandoning module ProfilerService (400)
[2023.04.09-04.31.09:226][672]LogModuleManager: Shutting down and abandoning module TaskGraph (398)
[2023.04.09-04.31.09:226][672]LogModuleManager: Shutting down and abandoning module SteamVRController (396)
[2023.04.09-04.31.09:226][672]LogModuleManager: Shutting down and abandoning module ProceduralMeshComponentEditor (394)
[2023.04.09-04.31.09:226][672]LogModuleManager: Shutting down and abandoning module ProceduralMeshComponent (392)
[2023.04.09-04.31.09:226][672]LogModuleManager: Shutting down and abandoning module OculusInput (390)
[2023.04.09-04.31.09:226][672]LogModuleManager: Shutting down and abandoning module MobilePatchingUtils (388)
[2023.04.09-04.31.09:226][672]LogModuleManager: Shutting down and abandoning module EditableMesh (386)
[2023.04.09-04.31.09:226][672]LogModuleManager: Shutting down and abandoning module CustomMeshComponent (384)
[2023.04.09-04.31.09:226][672]LogModuleManager: Shutting down and abandoning module CableComponent (382)
[2023.04.09-04.31.09:226][672]LogModuleManager: Shutting down and abandoning module AudioCapture (380)
[2023.04.09-04.31.09:226][672]LogModuleManager: Shutting down and abandoning module ArchVisCharacter (378)
[2023.04.09-04.31.09:226][672]LogModuleManager: Shutting down and abandoning module AndroidPermission (376)
[2023.04.09-04.31.09:226][672]LogModuleManager: Shutting down and abandoning module NUTUnrealEngine4 (374)
[2023.04.09-04.31.09:226][672]LogModuleManager: Shutting down and abandoning module NetcodeUnitTest (372)
[2023.04.09-04.31.09:226][672]LogModuleManager: Shutting down and abandoning module MediaCompositingEditor (370)
[2023.04.09-04.31.09:226][672]LogModuleManager: Shutting down and abandoning module MediaCompositing (368)
[2023.04.09-04.31.09:226][672]LogModuleManager: Shutting down and abandoning module LinearTimecode (366)
[2023.04.09-04.31.09:226][672]LogModuleManager: Shutting down and abandoning module ImgMedia (364)
[2023.04.09-04.31.09:228][672]LogModuleManager: Shutting down and abandoning module HTML5Networking (362)
[2023.04.09-04.31.09:228][672]LogModuleManager: Shutting down and abandoning module GeometryCacheTracks (360)
[2023.04.09-04.31.09:228][672]LogModuleManager: Shutting down and abandoning module GeometryCacheSequencer (358)
[2023.04.09-04.31.09:228][672]LogModuleManager: Shutting down and abandoning module BackChannel (356)
[2023.04.09-04.31.09:228][672]LogModuleManager: Shutting down and abandoning module AppleVision (354)
[2023.04.09-04.31.09:228][672]LogModuleManager: Shutting down and abandoning module AppleImageUtils (352)
[2023.04.09-04.31.09:228][672]LogModuleManager: Shutting down and abandoning module AlembicImporter (350)
[2023.04.09-04.31.09:228][672]LogModuleManager: Shutting down and abandoning module AlembicLibrary (349)
[2023.04.09-04.31.09:228][672]LogModuleManager: Shutting down and abandoning module GeometryCache (348)
[2023.04.09-04.31.09:228][672]LogModuleManager: Shutting down and abandoning module GeometryCacheEd (347)
[2023.04.09-04.31.09:228][672]LogModuleManager: Shutting down and abandoning module DatasmithContentEditor (342)
[2023.04.09-04.31.09:228][672]LogModuleManager: Shutting down and abandoning module DatasmithContent (340)
[2023.04.09-04.31.09:229][672]LogModuleManager: Shutting down and abandoning module SpeedTreeImporter (338)
[2023.04.09-04.31.09:229][672]LogModuleManager: Shutting down and abandoning module PluginBrowser (336)
[2023.04.09-04.31.09:229][672]LogModuleManager: Shutting down and abandoning module MobileLauncherProfileWizard (334)
[2023.04.09-04.31.09:229][672]LogModuleManager: Shutting down and abandoning module PolygonModeling (332)
[2023.04.09-04.31.09:229][672]LogModuleManager: Shutting down and abandoning module MeshEditor (330)
[2023.04.09-04.31.09:229][672]LogModuleManager: Shutting down and abandoning module CryptoKeysOpenSSL (328)
[2023.04.09-04.31.09:229][672]LogModuleManager: Shutting down and abandoning module CryptoKeys (326)
[2023.04.09-04.31.09:229][672]LogModuleManager: Shutting down and abandoning module VisualStudioSourceCodeAccess (324)
[2023.04.09-04.31.09:229][672]LogModuleManager: Shutting down and abandoning module VisualStudioCodeSourceCodeAccess (322)
[2023.04.09-04.31.09:229][672]LogModuleManager: Shutting down and abandoning module UObjectPlugin (320)
[2023.04.09-04.31.09:229][672]LogModuleManager: Shutting down and abandoning module SubversionSourceControl (318)
[2023.04.09-04.31.09:229][672]LogModuleManager: Shutting down and abandoning module PerforceSourceControl (316)
[2023.04.09-04.31.09:229][672]LogModuleManager: Shutting down and abandoning module GitSourceControl (314)
[2023.04.09-04.31.09:229][672]LogModuleManager: Shutting down and abandoning module SourceControl (313)
[2023.04.09-04.31.09:229][672]LogModuleManager: Shutting down and abandoning module CLionSourceCodeAccess (310)
[2023.04.09-04.31.09:229][672]LogModuleManager: Shutting down and abandoning module LightPropagationVolumeEditor (308)
[2023.04.09-04.31.09:229][672]LogModuleManager: Shutting down and abandoning module PaperTiledImporter (306)
[2023.04.09-04.31.09:229][672]LogModuleManager: Shutting down and abandoning module PaperSpriteSheetImporter (304)
[2023.04.09-04.31.09:229][672]LogModuleManager: Shutting down and abandoning module Paper2DEditor (302)
[2023.04.09-04.31.09:229][672]LogModuleManager: Shutting down and abandoning module MeshPaint (301)
[2023.04.09-04.31.09:229][672]LogModuleManager: Shutting down and abandoning module RuntimePhysXCooking (298)
[2023.04.09-04.31.09:229][672]LogModuleManager: Shutting down and abandoning module PhysXVehiclesEditor (296)
[2023.04.09-04.31.09:229][672]LogModuleManager: Shutting down and abandoning module PhysXVehicles (294)
[2023.04.09-04.31.09:229][672]LogModuleManager: Shutting down and abandoning module OculusEditor (292)
[2023.04.09-04.31.09:229][672]LogModuleManager: Shutting down and abandoning module LocationServicesBPLibrary (290)
[2023.04.09-04.31.09:229][672]LogModuleManager: Shutting down and abandoning module ImmediatePhysicsEditor (288)
[2023.04.09-04.31.09:229][672]LogModuleManager: Shutting down and abandoning module ImmediatePhysics (286)
[2023.04.09-04.31.09:229][672]LogModuleManager: Shutting down and abandoning module ActorSequence (284)
[2023.04.09-04.31.09:229][672]LogModuleManager: Shutting down and abandoning module UdpMessaging (282)
[2023.04.09-04.31.09:330][672]LogModuleManager: Shutting down and abandoning module TcpMessaging (280)
[2023.04.09-04.31.09:431][672]LogModuleManager: Shutting down and abandoning module MagicLeapAudio (278)
[2023.04.09-04.31.09:431][672]LogModuleManager: Shutting down and abandoning module GameplayTagsEditor (276)
[2023.04.09-04.31.09:431][672]LogModuleManager: Shutting down and abandoning module FacialAnimationEditor (274)
[2023.04.09-04.31.09:431][672]LogModuleManager: Shutting down and abandoning module FacialAnimation (272)
[2023.04.09-04.31.09:431][672]LogModuleManager: Shutting down and abandoning module DataValidation (270)
[2023.04.09-04.31.09:431][672]LogModuleManager: Shutting down and abandoning module AssetManagerEditor (268)
[2023.04.09-04.31.09:431][672]LogModuleManager: Shutting down and abandoning module LevelEditor (267)
[2023.04.09-04.31.09:431][672]LogModuleManager: Shutting down and abandoning module PixelInspectorModule (266)
[2023.04.09-04.31.09:431][672]LogModuleManager: Shutting down and abandoning module CommonMenuExtensions (264)
[2023.04.09-04.31.09:431][672]LogModuleManager: Shutting down and abandoning module MainFrame (262)
[2023.04.09-04.31.09:431][672]LogModuleManager: Shutting down and abandoning module HotReload (261)
[2023.04.09-04.31.09:431][672]LogModuleManager: Shutting down and abandoning module ContentBrowser (257)
[2023.04.09-04.31.09:432][672]LogModuleManager: Shutting down and abandoning module TreeMap (255)
[2023.04.09-04.31.09:432][672]LogModuleManager: Shutting down and abandoning module LightPropagationVolumeRuntime (252)
[2023.04.09-04.31.09:432][672]LogModuleManager: Shutting down and abandoning module AISupportModule (250)
[2023.04.09-04.31.09:432][672]LogModuleManager: Shutting down and abandoning module Paper2D (248)
[2023.04.09-04.31.09:432][672]LogModuleManager: Shutting down and abandoning module WindowsMoviePlayer (246)
[2023.04.09-04.31.09:432][672]LogModuleManager: Shutting down and abandoning module WmfMedia (244)
[2023.04.09-04.31.09:433][672]LogModuleManager: Shutting down and abandoning module Media (243)
[2023.04.09-04.31.09:439][672]LogModuleManager: Shutting down and abandoning module PacketHandler (240)
[2023.04.09-04.31.09:439][672]LogModuleManager: Shutting down and abandoning module ClothingSystemEditor (238)
[2023.04.09-04.31.09:439][672]LogModuleManager: Shutting down and abandoning module ClothingSystemRuntime (236)
[2023.04.09-04.31.09:439][672]LogModuleManager: Shutting down and abandoning module MediaAssets (234)
[2023.04.09-04.31.09:439][672]LogModuleManager: Shutting down and abandoning module Overlay (232)
[2023.04.09-04.31.09:439][672]LogModuleManager: Shutting down and abandoning module OverlayEditor (231)
[2023.04.09-04.31.09:439][672]LogModuleManager: Shutting down and abandoning module VREditor (228)
[2023.04.09-04.31.09:439][672]LogModuleManager: Shutting down and abandoning module StringTableEditor (226)
[2023.04.09-04.31.09:439][672]LogModuleManager: Shutting down and abandoning module GameplayTasksEditor (224)
[2023.04.09-04.31.09:439][672]LogModuleManager: Shutting down and abandoning module BehaviorTreeEditor (222)
[2023.04.09-04.31.09:439][672]LogModuleManager: Shutting down and abandoning module FunctionalTesting (220)
[2023.04.09-04.31.09:439][672]LogModuleManager: Shutting down and abandoning module CollisionAnalyzer (218)
[2023.04.09-04.31.09:439][672]LogModuleManager: Shutting down and abandoning module WorkspaceMenuStructure (217)
[2023.04.09-04.31.09:439][672]LogModuleManager: Shutting down and abandoning module UMG (214)
[2023.04.09-04.31.09:439][672]LogModuleManager: Shutting down and abandoning module UMGEditor (213)
[2023.04.09-04.31.09:439][672]LogModuleManager: Shutting down and abandoning module Sequencer (212)
[2023.04.09-04.31.09:439][672]LogModuleManager: Shutting down and abandoning module MessageLog (209)
[2023.04.09-04.31.09:439][672]LogModuleManager: Shutting down and abandoning module SlateReflector (204)
[2023.04.09-04.31.09:439][672]LogModuleManager: Shutting down and abandoning module Slate (202)
[2023.04.09-04.31.09:439][672]LogModuleManager: Shutting down and abandoning module EditorStyle (200)
[2023.04.09-04.31.09:440][672]LogModuleManager: Shutting down and abandoning module MRMesh (198)
[2023.04.09-04.31.09:440][672]LogModuleManager: Shutting down and abandoning module SourceCodeAccess (196)
[2023.04.09-04.31.09:440][672]LogModuleManager: Shutting down and abandoning module HeadMountedDisplay (194)
[2023.04.09-04.31.09:440][672]LogModuleManager: Shutting down and abandoning module XAudio2 (192)
[2023.04.09-04.31.09:440][672]LogModuleManager: Shutting down and abandoning module Networking (190)
[2023.04.09-04.31.09:440][672]LogModuleManager: Shutting down and abandoning module Core (188)
[2023.04.09-04.31.09:440][672]LogModuleManager: Shutting down and abandoning module LevelSequence (186)
[2023.04.09-04.31.09:440][672]LogModuleManager: Shutting down and abandoning module KismetCompiler (184)
[2023.04.09-04.31.09:440][672]LogModuleManager: Shutting down and abandoning module MeshUtilities (182)
[2023.04.09-04.31.09:440][672]LogModuleManager: Shutting down and abandoning module MeshMergeUtilities (181)
[2023.04.09-04.31.09:440][672]LogModuleManager: Shutting down and abandoning module MeshReductionInterface (180)
[2023.04.09-04.31.09:440][672]LogModuleManager: Shutting down and abandoning module SimplygonSwarm (179)
[2023.04.09-04.31.09:440][672]LogModuleManager: Shutting down and abandoning module ProxyLODMeshReduction (177)
[2023.04.09-04.31.09:440][672]LogModuleManager: Shutting down and abandoning module SimplygonMeshReduction (175)
[2023.04.09-04.31.09:440][672]LogModuleManager: Shutting down and abandoning module QuadricMeshReduction (173)
[2023.04.09-04.31.09:440][672]LogModuleManager: Shutting down and abandoning module MaterialBaking (169)
[2023.04.09-04.31.09:440][672]LogModuleManager: Shutting down and abandoning module DirectoryWatcher (165)
[2023.04.09-04.31.09:440][672]LogModuleManager: Shutting down and abandoning module DerivedDataCache (162)
[2023.04.09-04.31.09:537][672]LogDerivedDataCache: Shutdown
[2023.04.09-04.31.09:537][672]LogModuleManager: Shutting down and abandoning module XGEController (160)
[2023.04.09-04.31.09:537][672]LogModuleManager: Shutting down and abandoning module TargetPlatform (158)
[2023.04.09-04.31.09:537][672]LogModuleManager: Shutting down and abandoning module VulkanShaderFormat (157)
[2023.04.09-04.31.09:537][672]LogModuleManager: Shutting down and abandoning module ShaderFormatVectorVM (155)
[2023.04.09-04.31.09:537][672]LogModuleManager: Shutting down and abandoning module ShaderFormatOpenGL (153)
[2023.04.09-04.31.09:537][672]LogModuleManager: Shutting down and abandoning module ShaderFormatD3D (151)
[2023.04.09-04.31.09:537][672]LogModuleManager: Shutting down and abandoning module MetalShaderFormat (149)
[2023.04.09-04.31.09:537][672]LogModuleManager: Shutting down and abandoning module TextureFormatUncompressed (147)
[2023.04.09-04.31.09:537][672]LogModuleManager: Shutting down and abandoning module TextureFormatPVR (145)
[2023.04.09-04.31.09:537][672]LogModuleManager: Shutting down and abandoning module TextureFormatDXT (143)
[2023.04.09-04.31.09:537][672]LogModuleManager: Shutting down and abandoning module TextureFormatIntelISPCTexComp (141)
[2023.04.09-04.31.09:537][672]LogModuleManager: Shutting down and abandoning module TextureFormatASTC (139)
[2023.04.09-04.31.09:537][672]LogModuleManager: Shutting down and abandoning module ImageWrapper (138)
[2023.04.09-04.31.09:537][672]LogModuleManager: Shutting down and abandoning module TextureFormatAndroid (135)
[2023.04.09-04.31.09:537][672]LogModuleManager: Shutting down and abandoning module AudioFormatOpus (133)
[2023.04.09-04.31.09:537][672]LogModuleManager: Shutting down and abandoning module AudioFormatOgg (131)
[2023.04.09-04.31.09:537][672]LogModuleManager: Shutting down and abandoning module AudioFormatADPCM (129)
[2023.04.09-04.31.09:537][672]LogModuleManager: Shutting down and abandoning module LuminTargetPlatform (127)
[2023.04.09-04.31.09:537][672]LogModuleManager: Shutting down and abandoning module LinuxTargetPlatform (125)
[2023.04.09-04.31.09:537][672]LogModuleManager: Shutting down and abandoning module LinuxServerTargetPlatform (123)
[2023.04.09-04.31.09:537][672]LogModuleManager: Shutting down and abandoning module LinuxNoEditorTargetPlatform (121)
[2023.04.09-04.31.09:537][672]LogModuleManager: Shutting down and abandoning module LinuxClientTargetPlatform (119)
[2023.04.09-04.31.09:537][672]LogModuleManager: Shutting down and abandoning module TVOSTargetPlatform (117)
[2023.04.09-04.31.09:537][672]LogModuleManager: Shutting down and abandoning module Messaging (115)
[2023.04.09-04.31.09:537][672]LogModuleManager: Shutting down and abandoning module IOSTargetPlatform (113)
[2023.04.09-04.31.09:538][672]LogModuleManager: Shutting down and abandoning module HTML5TargetPlatform (111)
[2023.04.09-04.31.09:538][672]LogModuleManager: Shutting down and abandoning module AndroidTargetPlatform (109)
[2023.04.09-04.31.09:541][672]LogModuleManager: Shutting down and abandoning module WindowsTargetPlatform (107)
[2023.04.09-04.31.09:541][672]LogModuleManager: Shutting down and abandoning module WindowsServerTargetPlatform (105)
[2023.04.09-04.31.09:541][672]LogModuleManager: Shutting down and abandoning module WindowsNoEditorTargetPlatform (103)
[2023.04.09-04.31.09:541][672]LogModuleManager: Shutting down and abandoning module WindowsClientTargetPlatform (101)
[2023.04.09-04.31.09:541][672]LogModuleManager: Shutting down and abandoning module MacTargetPlatform (99)
[2023.04.09-04.31.09:541][672]LogModuleManager: Shutting down and abandoning module MacServerTargetPlatform (97)
[2023.04.09-04.31.09:541][672]LogModuleManager: Shutting down and abandoning module MacNoEditorTargetPlatform (95)
[2023.04.09-04.31.09:541][672]LogModuleManager: Shutting down and abandoning module MacClientTargetPlatform (93)
[2023.04.09-04.31.09:541][672]LogModuleManager: Shutting down and abandoning module AllDesktopTargetPlatform (91)
[2023.04.09-04.31.09:541][672]LogModuleManager: Shutting down and abandoning module InputCore (88)
[2023.04.09-04.31.09:541][672]LogModuleManager: Shutting down and abandoning module Settings (86)
[2023.04.09-04.31.09:541][672]LogModuleManager: Shutting down and abandoning module PhysXCooking (84)
[2023.04.09-04.31.09:541][672]LogModuleManager: Shutting down and abandoning module SteamVR (82)
[2023.04.09-04.31.09:541][672]LogModuleManager: Shutting down and abandoning module OculusHMD (80)
[2023.04.09-04.31.09:541][672]LogModuleManager: Shutting down and abandoning module ExampleDeviceProfileSelector (78)
[2023.04.09-04.31.09:541][672]LogModuleManager: Shutting down and abandoning module LauncherChunkInstaller (76)
[2023.04.09-04.31.09:542][672]LogModuleManager: Shutting down and abandoning module OnlineBlueprintSupport (74)
[2023.04.09-04.31.09:542][672]LogModuleManager: Shutting down and abandoning module OnlineSubsystem (70)
[2023.04.09-04.31.09:542][672]LogModuleManager: Shutting down and abandoning module XMPP (65)
[2023.04.09-04.31.09:542][672]LogModuleManager: Shutting down and abandoning module WebSockets (64)
[2023.04.09-04.31.09:559][672]LogModuleManager: Shutting down and abandoning module HTTP (61)
[2023.04.09-04.31.09:559][672]LogHttp: Display: Http module shutting down, but needs to wait on 1 outstanding Http requests:
[2023.04.09-04.31.09:559][672]LogHttp: Display: 	verb=[POST] url=[https://datarouter.ol.epicgames.com/datarouter/api/v1/public/data?SessionID=%7B4A6D4120-4FB4-2811-61F4-51B4066B7BBC%7D&AppID=UEEditor.Rocket.Release&AppVersion=4.20.3-4369336%2B%2B%2BUE4%2BRelease-4.20&UserID=63052a4a415ea715a9ba078a77c42ba9%7C0507eb520d4d493aa837bd1917b4d2e7%7C0786eda7-4b31-4c3d-97b6-9dbc1ff6acbb&AppEnvironment=datacollector-binary&UploadType=eteventstream] status=Processing
[2023.04.09-04.31.09:562][672]LogModuleManager: Shutting down and abandoning module SSL (60)
[2023.04.09-04.31.09:563][672]LogModuleManager: Shutting down and abandoning module MagicLeapEmulator (56)
[2023.04.09-04.31.09:563][672]LogModuleManager: Shutting down and abandoning module MagicLeapPrivileges (54)
[2023.04.09-04.31.09:563][672]LogModuleManager: Shutting down and abandoning module MagicLeapIdentity (52)
[2023.04.09-04.31.09:563][672]LogModuleManager: Shutting down and abandoning module MagicLeapHelperVulkan (50)
[2023.04.09-04.31.09:563][672]LogModuleManager: Shutting down and abandoning module MagicLeapHelperOpenGL (48)
[2023.04.09-04.31.09:563][672]LogModuleManager: Shutting down and abandoning module MagicLeapSecureStorage (46)
[2023.04.09-04.31.09:563][672]LogModuleManager: Shutting down and abandoning module MagicLeapGestures (44)
[2023.04.09-04.31.09:563][672]LogModuleManager: Shutting down and abandoning module MagicLeapEyeTracker (42)
[2023.04.09-04.31.09:563][672]LogModuleManager: Shutting down and abandoning module MagicLeapController (40)
[2023.04.09-04.31.09:563][672]LogSlate: Slate User Destroyed.  User Index 0, Is Virtual User: 0
[2023.04.09-04.31.09:563][672]LogModuleManager: Shutting down and abandoning module MagicLeap (38)
[2023.04.09-04.31.09:563][672]LogModuleManager: Shutting down and abandoning module AnimationModifiers (36)
[2023.04.09-04.31.09:563][672]LogModuleManager: Shutting down and abandoning module PropertyEditor (35)
[2023.04.09-04.31.09:563][672]LogModuleManager: Shutting down and abandoning module AudioEditor (32)
[2023.04.09-04.31.09:563][672]LogModuleManager: Shutting down and abandoning module TextureCompressor (30)
[2023.04.09-04.31.09:563][672]LogModuleManager: Shutting down and abandoning module ShaderCore (28)
[2023.04.09-04.31.09:563][672]LogModuleManager: Shutting down and abandoning module Landscape (26)
[2023.04.09-04.31.09:563][672]LogModuleManager: Shutting down and abandoning module SlateRHIRenderer (24)
[2023.04.09-04.31.09:564][672]LogModuleManager: Shutting down and abandoning module OpenGLDrv (22)
[2023.04.09-04.31.09:564][672]LogModuleManager: Shutting down and abandoning module D3D11RHI (20)
[2023.04.09-04.31.09:564][672]LogModuleManager: Shutting down and abandoning module AnimGraphRuntime (18)
[2023.04.09-04.31.09:564][672]LogModuleManager: Shutting down and abandoning module Renderer (16)
[2023.04.09-04.31.09:564][672]LogModuleManager: Shutting down and abandoning module Engine (14)
[2023.04.09-04.31.09:564][672]LogModuleManager: Shutting down and abandoning module CoreUObject (12)
[2023.04.09-04.31.09:564][672]LogModuleManager: Shutting down and abandoning module NetworkFile (10)
[2023.04.09-04.31.09:564][672]LogModuleManager: Shutting down and abandoning module CookedIterativeFile (8)
[2023.04.09-04.31.09:564][672]LogModuleManager: Shutting down and abandoning module StreamingFile (6)
[2023.04.09-04.31.09:564][672]LogModuleManager: Shutting down and abandoning module SandboxFile (4)
[2023.04.09-04.31.09:564][672]LogModuleManager: Shutting down and abandoning module PakFile (2)
[2023.04.09-04.31.09:569][672]LogExit: Exiting.
[2023.04.09-04.31.09:575][672]Log file closed, 04/09/23 00:31:09
